#
# There is insufficient memory for the Java Runtime Environment to continue.
# Native memory allocation (malloc) failed to allocate 1442416 bytes for Chunk::new
# Possible reasons:
#   The system is out of physical RAM or swap space
#   The process is running with CompressedOops enabled, and the Java Heap may be blocking the growth of the native heap
# Possible solutions:
#   Reduce memory load on the system
#   Increase physical memory or swap space
#   Check if swap backing store is full
#   Decrease Java heap size (-Xmx/-Xms)
#   Decrease number of Java threads
#   Decrease Java thread stack sizes (-Xss)
#   Set larger code cache with -XX:ReservedCodeCacheSize=
#   JVM is running with Zero Based Compressed Oops mode in which the Java heap is
#     placed in the first 32GB address space. The Java Heap base address is the
#     maximum limit for the native heap growth. Please use -XX:HeapBaseMinAddress
#     to set the Java Heap base and to place the Java Heap above 32GB virtual address.
# This output file may be truncated or incomplete.
#
#  Out of Memory Error (./src/hotspot/share/memory/arena.cpp:197), pid=26992, tid=16068
#
# JRE version: OpenJDK Runtime Environment AdoptOpenJDK (11.0.9+11) (build 11.0.9+11)
# Java VM: OpenJDK 64-Bit Server VM AdoptOpenJDK (11.0.9+11, mixed mode, tiered, compressed oops, g1 gc, windows-amd64)
# No core dump will be written. Minidumps are not enabled by default on client versions of Windows
#

---------------  S U M M A R Y ------------

Command Line: E:\KalyaniG\AEWorkspace\AEQATestAutomationFramework\target\surefire\surefirebooter8418222110508640828.jar E:\KalyaniG\AEWorkspace\AEQATestAutomationFramework\target\surefire\surefire11352282490663991800tmp E:\KalyaniG\AEWorkspace\AEQATestAutomationFramework\target\surefire\surefire_03812149949126552742tmp

Host: Intel(R) Xeon(R) Silver 4214R CPU @ 2.40GHz, 2 cores, 15G,  Windows 10 , 64 bit Build 19041 (10.0.19041.2546)
Time: Thu Mar  9 14:40:18 2023 India Standard Time elapsed time: 51.259092 seconds (0d 0h 0m 51s)

---------------  T H R E A D  ---------------

Current thread (0x000001c0ff5da800):  JavaThread "C2 CompilerThread0" daemon [_thread_in_native, id=16068, stack(0x0000006a09f00000,0x0000006a0a000000)]


Current CompileTask:
C2:  51259 4276       4       org.apache.xmlbeans.impl.store.Locale::loadNode (289 bytes)

Stack: [0x0000006a09f00000,0x0000006a0a000000]
Native frames: (J=compiled Java code, j=interpreted, Vv=VM code, C=native code)
V  [jvm.dll+0x5f465a]
V  [jvm.dll+0x77c78e]
V  [jvm.dll+0x77de5f]
V  [jvm.dll+0x77e523]
V  [jvm.dll+0x2477c8]
V  [jvm.dll+0xbe2ec]
V  [jvm.dll+0xbe9ec]
V  [jvm.dll+0x34d157]
V  [jvm.dll+0x1995e1]
V  [jvm.dll+0x201192]
V  [jvm.dll+0x20023f]
V  [jvm.dll+0x184fbc]
V  [jvm.dll+0x20f7f7]
V  [jvm.dll+0x20d9db]
V  [jvm.dll+0x741029]
V  [jvm.dll+0x73a0d4]
V  [jvm.dll+0x5f3586]
C  [ucrtbase.dll+0x21bb2]
C  [KERNEL32.dll+0x17614]
C  [ntdll.dll+0x526a1]


---------------  P R O C E S S  ---------------

Threads class SMR info:
_java_thread_list=0x000001c08830f8f0, length=18, elements={
0x000001c0dfdc0000, 0x000001c0ff57a000, 0x000001c0ff57b000, 0x000001c0ff5d5800,
0x000001c0ff5d8800, 0x000001c0ff5da800, 0x000001c0ff5de000, 0x000001c0ff63c000,
0x000001c0ff73e000, 0x000001c0ff744000, 0x000001c0871b1000, 0x000001c086c1b800,
0x000001c086e5e000, 0x000001c08722c000, 0x000001c08722d000, 0x000001c08674b800,
0x000001c0875b0800, 0x000001c0874f8000
}

Java Threads: ( => current thread )
  0x000001c0dfdc0000 JavaThread "main" [_thread_blocked, id=40024, stack(0x0000006a09400000,0x0000006a09500000)]
  0x000001c0ff57a000 JavaThread "Reference Handler" daemon [_thread_blocked, id=14076, stack(0x0000006a09b00000,0x0000006a09c00000)]
  0x000001c0ff57b000 JavaThread "Finalizer" daemon [_thread_blocked, id=10180, stack(0x0000006a09c00000,0x0000006a09d00000)]
  0x000001c0ff5d5800 JavaThread "Signal Dispatcher" daemon [_thread_blocked, id=43624, stack(0x0000006a09d00000,0x0000006a09e00000)]
  0x000001c0ff5d8800 JavaThread "Attach Listener" daemon [_thread_blocked, id=47448, stack(0x0000006a09e00000,0x0000006a09f00000)]
=>0x000001c0ff5da800 JavaThread "C2 CompilerThread0" daemon [_thread_in_native, id=16068, stack(0x0000006a09f00000,0x0000006a0a000000)]
  0x000001c0ff5de000 JavaThread "C1 CompilerThread0" daemon [_thread_blocked, id=31504, stack(0x0000006a0a000000,0x0000006a0a100000)]
  0x000001c0ff63c000 JavaThread "Sweeper thread" daemon [_thread_blocked, id=35792, stack(0x0000006a0a100000,0x0000006a0a200000)]
  0x000001c0ff73e000 JavaThread "Service Thread" daemon [_thread_blocked, id=40112, stack(0x0000006a0a200000,0x0000006a0a300000)]
  0x000001c0ff744000 JavaThread "Common-Cleaner" daemon [_thread_blocked, id=15264, stack(0x0000006a0a400000,0x0000006a0a500000)]
  0x000001c0871b1000 JavaThread "ForkJoinPool.commonPool-worker-3" daemon [_thread_blocked, id=16336, stack(0x0000006a0a600000,0x0000006a0a700000)]
  0x000001c086c1b800 JavaThread "Forwarding findElement on session 7a1cebb6eb698b0ec1f4242011104f6a to remote" [_thread_in_native, id=36620, stack(0x0000006a0a700000,0x0000006a0a800000)]
  0x000001c086e5e000 JavaThread "Exec Default Executor" daemon [_thread_in_native, id=40712, stack(0x0000006a0a800000,0x0000006a0a900000)]
  0x000001c08722c000 JavaThread "UrlChecker-2" daemon [_thread_blocked, id=35968, stack(0x0000006a0a900000,0x0000006a0aa00000)]
  0x000001c08722d000 JavaThread "Exec Stream Pumper" daemon [_thread_in_native, id=18796, stack(0x0000006a0ab00000,0x0000006a0ac00000)]
  0x000001c08674b800 JavaThread "Exec Stream Pumper" daemon [_thread_in_native, id=46220, stack(0x0000006a0ac00000,0x0000006a0ad00000)]
  0x000001c0875b0800 JavaThread "OkHttp ConnectionPool" daemon [_thread_blocked, id=15744, stack(0x0000006a0ae00000,0x0000006a0af00000)]
  0x000001c0874f8000 JavaThread "Okio Watchdog" daemon [_thread_blocked, id=41464, stack(0x0000006a0af00000,0x0000006a0b000000)]

Other Threads:
  0x000001c0ff563800 VMThread "VM Thread" [stack: 0x0000006a09a00000,0x0000006a09b00000] [id=11084]
  0x000001c0ff73f000 WatcherThread [stack: 0x0000006a0a300000,0x0000006a0a400000] [id=39620]
  0x000001c0dfdd7000 GCTaskThread "GC Thread#0" [stack: 0x0000006a09500000,0x0000006a09600000] [id=38036]
  0x000001c086297800 GCTaskThread "GC Thread#1" [stack: 0x0000006a0a500000,0x0000006a0a600000] [id=29748]
  0x000001c0dfe32000 ConcurrentGCThread "G1 Main Marker" [stack: 0x0000006a09600000,0x0000006a09700000] [id=46180]
  0x000001c0dfe34800 ConcurrentGCThread "G1 Conc#0" [stack: 0x0000006a09700000,0x0000006a09800000] [id=31464]
  0x000001c0dfe9d800 ConcurrentGCThread "G1 Refine#0" [stack: 0x0000006a09800000,0x0000006a09900000] [id=42044]
  0x000001c0feba1800 ConcurrentGCThread "G1 Young RemSet Sampling" [stack: 0x0000006a09900000,0x0000006a09a00000] [id=29164]

Threads with active compile tasks:
C2 CompilerThread0  52771 4276       4       org.apache.xmlbeans.impl.store.Locale::loadNode (289 bytes)

VM state:not at safepoint (normal execution)

VM Mutex/Monitor currently owned by a thread: None

Heap address: 0x0000000700000000, size: 4096 MB, Compressed Oops mode: Zero based, Oop shift amount: 3
Narrow klass base: 0x0000000800000000, Narrow klass shift: 0
Compressed class space size: 1073741824 Address: 0x0000000800000000

Heap:
 garbage-first heap   total 262144K, used 95099K [0x0000000700000000, 0x0000000800000000)
  region size 1024K, 83 young (84992K), 9 survivors (9216K)
 Metaspace       used 40239K, capacity 41324K, committed 41344K, reserved 1085440K
  class space    used 4537K, capacity 4976K, committed 4992K, reserved 1048576K
Heap Regions: E=young(eden), S=young(survivor), O=old, HS=humongous(starts), HC=humongous(continues), CS=collection set, F=free, A=archive, TAMS=top-at-mark-start (previous, next)
|   0|0x0000000700000000, 0x0000000700100000, 0x0000000700100000|100%|HS|  |TAMS 0x0000000700100000, 0x0000000700000000| Complete 
|   1|0x0000000700100000, 0x0000000700200000, 0x0000000700200000|100%|HS|  |TAMS 0x0000000700200000, 0x0000000700100000| Complete 
|   2|0x0000000700200000, 0x0000000700300000, 0x0000000700300000|100%|HC|  |TAMS 0x0000000700300000, 0x0000000700200000| Complete 
|   3|0x0000000700300000, 0x0000000700400000, 0x0000000700400000|100%| O|  |TAMS 0x0000000700400000, 0x0000000700300000| Untracked 
|   4|0x0000000700400000, 0x0000000700500000, 0x0000000700500000|100%| O|  |TAMS 0x0000000700500000, 0x0000000700400000| Untracked 
|   5|0x0000000700500000, 0x0000000700600000, 0x0000000700600000|100%| O|  |TAMS 0x0000000700600000, 0x0000000700500000| Untracked 
|   6|0x0000000700600000, 0x0000000700700000, 0x0000000700700000|100%| O|  |TAMS 0x0000000700700000, 0x0000000700600000| Untracked 
|   7|0x0000000700700000, 0x0000000700800000, 0x0000000700800000|100%| O|  |TAMS 0x0000000700800000, 0x0000000700700000| Untracked 
|   8|0x0000000700800000, 0x0000000700900000, 0x0000000700900000|100%| O|  |TAMS 0x0000000700900000, 0x0000000700800000| Untracked 
|   9|0x0000000700900000, 0x0000000700a00000, 0x0000000700a00000|100%| O|  |TAMS 0x0000000700a00000, 0x0000000700900000| Untracked 
|  10|0x0000000700a00000, 0x0000000700b00000, 0x0000000700b00000|100%| O|  |TAMS 0x0000000700b00000, 0x0000000700a00000| Untracked 
|  11|0x0000000700b00000, 0x0000000700bdec00, 0x0000000700c00000| 87%| O|  |TAMS 0x0000000700bdec00, 0x0000000700b00000| Untracked 
|  12|0x0000000700c00000, 0x0000000700c00000, 0x0000000700d00000|  0%| F|  |TAMS 0x0000000700c00000, 0x0000000700c00000| Untracked 
|  13|0x0000000700d00000, 0x0000000700d00000, 0x0000000700e00000|  0%| F|  |TAMS 0x0000000700d00000, 0x0000000700d00000| Untracked 
|  14|0x0000000700e00000, 0x0000000700e00000, 0x0000000700f00000|  0%| F|  |TAMS 0x0000000700e00000, 0x0000000700e00000| Untracked 
|  15|0x0000000700f00000, 0x0000000700f00000, 0x0000000701000000|  0%| F|  |TAMS 0x0000000700f00000, 0x0000000700f00000| Untracked 
|  16|0x0000000701000000, 0x0000000701000000, 0x0000000701100000|  0%| F|  |TAMS 0x0000000701000000, 0x0000000701000000| Untracked 
|  17|0x0000000701100000, 0x0000000701100000, 0x0000000701200000|  0%| F|  |TAMS 0x0000000701100000, 0x0000000701100000| Untracked 
|  18|0x0000000701200000, 0x0000000701200000, 0x0000000701300000|  0%| F|  |TAMS 0x0000000701200000, 0x0000000701200000| Untracked 
|  19|0x0000000701300000, 0x0000000701300000, 0x0000000701400000|  0%| F|  |TAMS 0x0000000701300000, 0x0000000701300000| Untracked 
|  20|0x0000000701400000, 0x0000000701400000, 0x0000000701500000|  0%| F|  |TAMS 0x0000000701400000, 0x0000000701400000| Untracked 
|  21|0x0000000701500000, 0x0000000701500000, 0x0000000701600000|  0%| F|  |TAMS 0x0000000701500000, 0x0000000701500000| Untracked 
|  22|0x0000000701600000, 0x0000000701600000, 0x0000000701700000|  0%| F|  |TAMS 0x0000000701600000, 0x0000000701600000| Untracked 
|  23|0x0000000701700000, 0x0000000701700000, 0x0000000701800000|  0%| F|  |TAMS 0x0000000701700000, 0x0000000701700000| Untracked 
|  24|0x0000000701800000, 0x0000000701800000, 0x0000000701900000|  0%| F|  |TAMS 0x0000000701800000, 0x0000000701800000| Untracked 
|  25|0x0000000701900000, 0x0000000701900000, 0x0000000701a00000|  0%| F|  |TAMS 0x0000000701900000, 0x0000000701900000| Untracked 
|  26|0x0000000701a00000, 0x0000000701a00000, 0x0000000701b00000|  0%| F|  |TAMS 0x0000000701a00000, 0x0000000701a00000| Untracked 
|  27|0x0000000701b00000, 0x0000000701b00000, 0x0000000701c00000|  0%| F|  |TAMS 0x0000000701b00000, 0x0000000701b00000| Untracked 
|  28|0x0000000701c00000, 0x0000000701c00000, 0x0000000701d00000|  0%| F|  |TAMS 0x0000000701c00000, 0x0000000701c00000| Untracked 
|  29|0x0000000701d00000, 0x0000000701d00000, 0x0000000701e00000|  0%| F|  |TAMS 0x0000000701d00000, 0x0000000701d00000| Untracked 
|  30|0x0000000701e00000, 0x0000000701e00000, 0x0000000701f00000|  0%| F|  |TAMS 0x0000000701e00000, 0x0000000701e00000| Untracked 
|  31|0x0000000701f00000, 0x0000000701f00000, 0x0000000702000000|  0%| F|  |TAMS 0x0000000701f00000, 0x0000000701f00000| Untracked 
|  32|0x0000000702000000, 0x0000000702000000, 0x0000000702100000|  0%| F|  |TAMS 0x0000000702000000, 0x0000000702000000| Untracked 
|  33|0x0000000702100000, 0x0000000702100000, 0x0000000702200000|  0%| F|  |TAMS 0x0000000702100000, 0x0000000702100000| Untracked 
|  34|0x0000000702200000, 0x0000000702200000, 0x0000000702300000|  0%| F|  |TAMS 0x0000000702200000, 0x0000000702200000| Untracked 
|  35|0x0000000702300000, 0x0000000702300000, 0x0000000702400000|  0%| F|  |TAMS 0x0000000702300000, 0x0000000702300000| Untracked 
|  36|0x0000000702400000, 0x0000000702400000, 0x0000000702500000|  0%| F|  |TAMS 0x0000000702400000, 0x0000000702400000| Untracked 
|  37|0x0000000702500000, 0x0000000702500000, 0x0000000702600000|  0%| F|  |TAMS 0x0000000702500000, 0x0000000702500000| Untracked 
|  38|0x0000000702600000, 0x0000000702600000, 0x0000000702700000|  0%| F|  |TAMS 0x0000000702600000, 0x0000000702600000| Untracked 
|  39|0x0000000702700000, 0x0000000702700000, 0x0000000702800000|  0%| F|  |TAMS 0x0000000702700000, 0x0000000702700000| Untracked 
|  40|0x0000000702800000, 0x0000000702800000, 0x0000000702900000|  0%| F|  |TAMS 0x0000000702800000, 0x0000000702800000| Untracked 
|  41|0x0000000702900000, 0x0000000702900000, 0x0000000702a00000|  0%| F|  |TAMS 0x0000000702900000, 0x0000000702900000| Untracked 
|  42|0x0000000702a00000, 0x0000000702a00000, 0x0000000702b00000|  0%| F|  |TAMS 0x0000000702a00000, 0x0000000702a00000| Untracked 
|  43|0x0000000702b00000, 0x0000000702b00000, 0x0000000702c00000|  0%| F|  |TAMS 0x0000000702b00000, 0x0000000702b00000| Untracked 
|  44|0x0000000702c00000, 0x0000000702c00000, 0x0000000702d00000|  0%| F|  |TAMS 0x0000000702c00000, 0x0000000702c00000| Untracked 
|  45|0x0000000702d00000, 0x0000000702d00000, 0x0000000702e00000|  0%| F|  |TAMS 0x0000000702d00000, 0x0000000702d00000| Untracked 
|  46|0x0000000702e00000, 0x0000000702e00000, 0x0000000702f00000|  0%| F|  |TAMS 0x0000000702e00000, 0x0000000702e00000| Untracked 
|  47|0x0000000702f00000, 0x0000000702f00000, 0x0000000703000000|  0%| F|  |TAMS 0x0000000702f00000, 0x0000000702f00000| Untracked 
|  48|0x0000000703000000, 0x0000000703000000, 0x0000000703100000|  0%| F|  |TAMS 0x0000000703000000, 0x0000000703000000| Untracked 
|  49|0x0000000703100000, 0x0000000703100000, 0x0000000703200000|  0%| F|  |TAMS 0x0000000703100000, 0x0000000703100000| Untracked 
|  50|0x0000000703200000, 0x0000000703200000, 0x0000000703300000|  0%| F|  |TAMS 0x0000000703200000, 0x0000000703200000| Untracked 
|  51|0x0000000703300000, 0x0000000703300000, 0x0000000703400000|  0%| F|  |TAMS 0x0000000703300000, 0x0000000703300000| Untracked 
|  52|0x0000000703400000, 0x0000000703400000, 0x0000000703500000|  0%| F|  |TAMS 0x0000000703400000, 0x0000000703400000| Untracked 
|  53|0x0000000703500000, 0x0000000703500000, 0x0000000703600000|  0%| F|  |TAMS 0x0000000703500000, 0x0000000703500000| Untracked 
|  54|0x0000000703600000, 0x0000000703600000, 0x0000000703700000|  0%| F|  |TAMS 0x0000000703600000, 0x0000000703600000| Untracked 
|  55|0x0000000703700000, 0x0000000703700000, 0x0000000703800000|  0%| F|  |TAMS 0x0000000703700000, 0x0000000703700000| Untracked 
|  56|0x0000000703800000, 0x0000000703800000, 0x0000000703900000|  0%| F|  |TAMS 0x0000000703800000, 0x0000000703800000| Untracked 
|  57|0x0000000703900000, 0x0000000703900000, 0x0000000703a00000|  0%| F|  |TAMS 0x0000000703900000, 0x0000000703900000| Untracked 
|  58|0x0000000703a00000, 0x0000000703a00000, 0x0000000703b00000|  0%| F|  |TAMS 0x0000000703a00000, 0x0000000703a00000| Untracked 
|  59|0x0000000703b00000, 0x0000000703b00000, 0x0000000703c00000|  0%| F|  |TAMS 0x0000000703b00000, 0x0000000703b00000| Untracked 
|  60|0x0000000703c00000, 0x0000000703c00000, 0x0000000703d00000|  0%| F|  |TAMS 0x0000000703c00000, 0x0000000703c00000| Untracked 
|  61|0x0000000703d00000, 0x0000000703d00000, 0x0000000703e00000|  0%| F|  |TAMS 0x0000000703d00000, 0x0000000703d00000| Untracked 
|  62|0x0000000703e00000, 0x0000000703e00000, 0x0000000703f00000|  0%| F|  |TAMS 0x0000000703e00000, 0x0000000703e00000| Untracked 
|  63|0x0000000703f00000, 0x0000000703f00000, 0x0000000704000000|  0%| F|  |TAMS 0x0000000703f00000, 0x0000000703f00000| Untracked 
|  64|0x0000000704000000, 0x0000000704000000, 0x0000000704100000|  0%| F|  |TAMS 0x0000000704000000, 0x0000000704000000| Untracked 
|  65|0x0000000704100000, 0x0000000704100000, 0x0000000704200000|  0%| F|  |TAMS 0x0000000704100000, 0x0000000704100000| Untracked 
|  66|0x0000000704200000, 0x0000000704200000, 0x0000000704300000|  0%| F|  |TAMS 0x0000000704200000, 0x0000000704200000| Untracked 
|  67|0x0000000704300000, 0x0000000704300000, 0x0000000704400000|  0%| F|  |TAMS 0x0000000704300000, 0x0000000704300000| Untracked 
|  68|0x0000000704400000, 0x0000000704400000, 0x0000000704500000|  0%| F|  |TAMS 0x0000000704400000, 0x0000000704400000| Untracked 
|  69|0x0000000704500000, 0x0000000704500000, 0x0000000704600000|  0%| F|  |TAMS 0x0000000704500000, 0x0000000704500000| Untracked 
|  70|0x0000000704600000, 0x0000000704600000, 0x0000000704700000|  0%| F|  |TAMS 0x0000000704600000, 0x0000000704600000| Untracked 
|  71|0x0000000704700000, 0x0000000704700000, 0x0000000704800000|  0%| F|  |TAMS 0x0000000704700000, 0x0000000704700000| Untracked 
|  72|0x0000000704800000, 0x0000000704800000, 0x0000000704900000|  0%| F|  |TAMS 0x0000000704800000, 0x0000000704800000| Untracked 
|  73|0x0000000704900000, 0x0000000704900000, 0x0000000704a00000|  0%| F|  |TAMS 0x0000000704900000, 0x0000000704900000| Untracked 
|  74|0x0000000704a00000, 0x0000000704a00000, 0x0000000704b00000|  0%| F|  |TAMS 0x0000000704a00000, 0x0000000704a00000| Untracked 
|  75|0x0000000704b00000, 0x0000000704b00000, 0x0000000704c00000|  0%| F|  |TAMS 0x0000000704b00000, 0x0000000704b00000| Untracked 
|  76|0x0000000704c00000, 0x0000000704c00000, 0x0000000704d00000|  0%| F|  |TAMS 0x0000000704c00000, 0x0000000704c00000| Untracked 
|  77|0x0000000704d00000, 0x0000000704d00000, 0x0000000704e00000|  0%| F|  |TAMS 0x0000000704d00000, 0x0000000704d00000| Untracked 
|  78|0x0000000704e00000, 0x0000000704e00000, 0x0000000704f00000|  0%| F|  |TAMS 0x0000000704e00000, 0x0000000704e00000| Untracked 
|  79|0x0000000704f00000, 0x0000000704f00000, 0x0000000705000000|  0%| F|  |TAMS 0x0000000704f00000, 0x0000000704f00000| Untracked 
|  80|0x0000000705000000, 0x0000000705000000, 0x0000000705100000|  0%| F|  |TAMS 0x0000000705000000, 0x0000000705000000| Untracked 
|  81|0x0000000705100000, 0x0000000705100000, 0x0000000705200000|  0%| F|  |TAMS 0x0000000705100000, 0x0000000705100000| Untracked 
|  82|0x0000000705200000, 0x0000000705200000, 0x0000000705300000|  0%| F|  |TAMS 0x0000000705200000, 0x0000000705200000| Untracked 
|  83|0x0000000705300000, 0x0000000705300000, 0x0000000705400000|  0%| F|  |TAMS 0x0000000705300000, 0x0000000705300000| Untracked 
|  84|0x0000000705400000, 0x0000000705400000, 0x0000000705500000|  0%| F|  |TAMS 0x0000000705400000, 0x0000000705400000| Untracked 
|  85|0x0000000705500000, 0x0000000705500000, 0x0000000705600000|  0%| F|  |TAMS 0x0000000705500000, 0x0000000705500000| Untracked 
|  86|0x0000000705600000, 0x0000000705600000, 0x0000000705700000|  0%| F|  |TAMS 0x0000000705600000, 0x0000000705600000| Untracked 
|  87|0x0000000705700000, 0x0000000705700000, 0x0000000705800000|  0%| F|  |TAMS 0x0000000705700000, 0x0000000705700000| Untracked 
|  88|0x0000000705800000, 0x0000000705800000, 0x0000000705900000|  0%| F|  |TAMS 0x0000000705800000, 0x0000000705800000| Untracked 
|  89|0x0000000705900000, 0x0000000705900000, 0x0000000705a00000|  0%| F|  |TAMS 0x0000000705900000, 0x0000000705900000| Untracked 
|  90|0x0000000705a00000, 0x0000000705a00000, 0x0000000705b00000|  0%| F|  |TAMS 0x0000000705a00000, 0x0000000705a00000| Untracked 
|  91|0x0000000705b00000, 0x0000000705b00000, 0x0000000705c00000|  0%| F|  |TAMS 0x0000000705b00000, 0x0000000705b00000| Untracked 
|  92|0x0000000705c00000, 0x0000000705c00000, 0x0000000705d00000|  0%| F|  |TAMS 0x0000000705c00000, 0x0000000705c00000| Untracked 
|  93|0x0000000705d00000, 0x0000000705d00000, 0x0000000705e00000|  0%| F|  |TAMS 0x0000000705d00000, 0x0000000705d00000| Untracked 
|  94|0x0000000705e00000, 0x0000000705e00000, 0x0000000705f00000|  0%| F|  |TAMS 0x0000000705e00000, 0x0000000705e00000| Untracked 
|  95|0x0000000705f00000, 0x0000000705f00000, 0x0000000706000000|  0%| F|  |TAMS 0x0000000705f00000, 0x0000000705f00000| Untracked 
|  96|0x0000000706000000, 0x0000000706000000, 0x0000000706100000|  0%| F|  |TAMS 0x0000000706000000, 0x0000000706000000| Untracked 
|  97|0x0000000706100000, 0x0000000706100000, 0x0000000706200000|  0%| F|  |TAMS 0x0000000706100000, 0x0000000706100000| Untracked 
|  98|0x0000000706200000, 0x0000000706200000, 0x0000000706300000|  0%| F|  |TAMS 0x0000000706200000, 0x0000000706200000| Untracked 
|  99|0x0000000706300000, 0x0000000706300000, 0x0000000706400000|  0%| F|  |TAMS 0x0000000706300000, 0x0000000706300000| Untracked 
| 100|0x0000000706400000, 0x0000000706400000, 0x0000000706500000|  0%| F|  |TAMS 0x0000000706400000, 0x0000000706400000| Untracked 
| 101|0x0000000706500000, 0x0000000706500000, 0x0000000706600000|  0%| F|  |TAMS 0x0000000706500000, 0x0000000706500000| Untracked 
| 102|0x0000000706600000, 0x0000000706600000, 0x0000000706700000|  0%| F|  |TAMS 0x0000000706600000, 0x0000000706600000| Untracked 
| 103|0x0000000706700000, 0x0000000706700000, 0x0000000706800000|  0%| F|  |TAMS 0x0000000706700000, 0x0000000706700000| Untracked 
| 104|0x0000000706800000, 0x0000000706800000, 0x0000000706900000|  0%| F|  |TAMS 0x0000000706800000, 0x0000000706800000| Untracked 
| 105|0x0000000706900000, 0x0000000706900000, 0x0000000706a00000|  0%| F|  |TAMS 0x0000000706900000, 0x0000000706900000| Untracked 
| 106|0x0000000706a00000, 0x0000000706a00000, 0x0000000706b00000|  0%| F|  |TAMS 0x0000000706a00000, 0x0000000706a00000| Untracked 
| 107|0x0000000706b00000, 0x0000000706b00000, 0x0000000706c00000|  0%| F|  |TAMS 0x0000000706b00000, 0x0000000706b00000| Untracked 
| 108|0x0000000706c00000, 0x0000000706c00000, 0x0000000706d00000|  0%| F|  |TAMS 0x0000000706c00000, 0x0000000706c00000| Untracked 
| 109|0x0000000706d00000, 0x0000000706d00000, 0x0000000706e00000|  0%| F|  |TAMS 0x0000000706d00000, 0x0000000706d00000| Untracked 
| 110|0x0000000706e00000, 0x0000000706e00000, 0x0000000706f00000|  0%| F|  |TAMS 0x0000000706e00000, 0x0000000706e00000| Untracked 
| 111|0x0000000706f00000, 0x0000000706f00000, 0x0000000707000000|  0%| F|  |TAMS 0x0000000706f00000, 0x0000000706f00000| Untracked 
| 112|0x0000000707000000, 0x0000000707000000, 0x0000000707100000|  0%| F|  |TAMS 0x0000000707000000, 0x0000000707000000| Untracked 
| 113|0x0000000707100000, 0x0000000707100000, 0x0000000707200000|  0%| F|  |TAMS 0x0000000707100000, 0x0000000707100000| Untracked 
| 114|0x0000000707200000, 0x0000000707200000, 0x0000000707300000|  0%| F|  |TAMS 0x0000000707200000, 0x0000000707200000| Untracked 
| 115|0x0000000707300000, 0x0000000707300000, 0x0000000707400000|  0%| F|  |TAMS 0x0000000707300000, 0x0000000707300000| Untracked 
| 116|0x0000000707400000, 0x0000000707400000, 0x0000000707500000|  0%| F|  |TAMS 0x0000000707400000, 0x0000000707400000| Untracked 
| 117|0x0000000707500000, 0x0000000707500000, 0x0000000707600000|  0%| F|  |TAMS 0x0000000707500000, 0x0000000707500000| Untracked 
| 118|0x0000000707600000, 0x0000000707600000, 0x0000000707700000|  0%| F|  |TAMS 0x0000000707600000, 0x0000000707600000| Untracked 
| 119|0x0000000707700000, 0x0000000707700000, 0x0000000707800000|  0%| F|  |TAMS 0x0000000707700000, 0x0000000707700000| Untracked 
| 120|0x0000000707800000, 0x0000000707800000, 0x0000000707900000|  0%| F|  |TAMS 0x0000000707800000, 0x0000000707800000| Untracked 
| 121|0x0000000707900000, 0x0000000707900000, 0x0000000707a00000|  0%| F|  |TAMS 0x0000000707900000, 0x0000000707900000| Untracked 
| 122|0x0000000707a00000, 0x0000000707a00000, 0x0000000707b00000|  0%| F|  |TAMS 0x0000000707a00000, 0x0000000707a00000| Untracked 
| 123|0x0000000707b00000, 0x0000000707b00000, 0x0000000707c00000|  0%| F|  |TAMS 0x0000000707b00000, 0x0000000707b00000| Untracked 
| 124|0x0000000707c00000, 0x0000000707c00000, 0x0000000707d00000|  0%| F|  |TAMS 0x0000000707c00000, 0x0000000707c00000| Untracked 
| 125|0x0000000707d00000, 0x0000000707d00000, 0x0000000707e00000|  0%| F|  |TAMS 0x0000000707d00000, 0x0000000707d00000| Untracked 
| 126|0x0000000707e00000, 0x0000000707e00000, 0x0000000707f00000|  0%| F|  |TAMS 0x0000000707e00000, 0x0000000707e00000| Untracked 
| 127|0x0000000707f00000, 0x0000000707f00000, 0x0000000708000000|  0%| F|  |TAMS 0x0000000707f00000, 0x0000000707f00000| Untracked 
| 128|0x0000000708000000, 0x0000000708000000, 0x0000000708100000|  0%| F|  |TAMS 0x0000000708000000, 0x0000000708000000| Untracked 
| 129|0x0000000708100000, 0x0000000708100000, 0x0000000708200000|  0%| F|  |TAMS 0x0000000708100000, 0x0000000708100000| Untracked 
| 130|0x0000000708200000, 0x0000000708200000, 0x0000000708300000|  0%| F|  |TAMS 0x0000000708200000, 0x0000000708200000| Untracked 
| 131|0x0000000708300000, 0x0000000708300000, 0x0000000708400000|  0%| F|  |TAMS 0x0000000708300000, 0x0000000708300000| Untracked 
| 132|0x0000000708400000, 0x0000000708400000, 0x0000000708500000|  0%| F|  |TAMS 0x0000000708400000, 0x0000000708400000| Untracked 
| 133|0x0000000708500000, 0x0000000708500000, 0x0000000708600000|  0%| F|  |TAMS 0x0000000708500000, 0x0000000708500000| Untracked 
| 134|0x0000000708600000, 0x0000000708600000, 0x0000000708700000|  0%| F|  |TAMS 0x0000000708600000, 0x0000000708600000| Untracked 
| 135|0x0000000708700000, 0x0000000708700000, 0x0000000708800000|  0%| F|  |TAMS 0x0000000708700000, 0x0000000708700000| Untracked 
| 136|0x0000000708800000, 0x0000000708800000, 0x0000000708900000|  0%| F|  |TAMS 0x0000000708800000, 0x0000000708800000| Untracked 
| 137|0x0000000708900000, 0x0000000708900000, 0x0000000708a00000|  0%| F|  |TAMS 0x0000000708900000, 0x0000000708900000| Untracked 
| 138|0x0000000708a00000, 0x0000000708a00000, 0x0000000708b00000|  0%| F|  |TAMS 0x0000000708a00000, 0x0000000708a00000| Untracked 
| 139|0x0000000708b00000, 0x0000000708b00000, 0x0000000708c00000|  0%| F|  |TAMS 0x0000000708b00000, 0x0000000708b00000| Untracked 
| 140|0x0000000708c00000, 0x0000000708c00000, 0x0000000708d00000|  0%| F|  |TAMS 0x0000000708c00000, 0x0000000708c00000| Untracked 
| 141|0x0000000708d00000, 0x0000000708d00000, 0x0000000708e00000|  0%| F|  |TAMS 0x0000000708d00000, 0x0000000708d00000| Untracked 
| 142|0x0000000708e00000, 0x0000000708e00000, 0x0000000708f00000|  0%| F|  |TAMS 0x0000000708e00000, 0x0000000708e00000| Untracked 
| 143|0x0000000708f00000, 0x0000000708f00000, 0x0000000709000000|  0%| F|  |TAMS 0x0000000708f00000, 0x0000000708f00000| Untracked 
| 144|0x0000000709000000, 0x0000000709000000, 0x0000000709100000|  0%| F|  |TAMS 0x0000000709000000, 0x0000000709000000| Untracked 
| 145|0x0000000709100000, 0x0000000709100000, 0x0000000709200000|  0%| F|  |TAMS 0x0000000709100000, 0x0000000709100000| Untracked 
| 146|0x0000000709200000, 0x0000000709200000, 0x0000000709300000|  0%| F|  |TAMS 0x0000000709200000, 0x0000000709200000| Untracked 
| 147|0x0000000709300000, 0x0000000709300000, 0x0000000709400000|  0%| F|  |TAMS 0x0000000709300000, 0x0000000709300000| Untracked 
| 148|0x0000000709400000, 0x0000000709400000, 0x0000000709500000|  0%| F|  |TAMS 0x0000000709400000, 0x0000000709400000| Untracked 
| 149|0x0000000709500000, 0x0000000709500000, 0x0000000709600000|  0%| F|  |TAMS 0x0000000709500000, 0x0000000709500000| Untracked 
| 150|0x0000000709600000, 0x0000000709600000, 0x0000000709700000|  0%| F|  |TAMS 0x0000000709600000, 0x0000000709600000| Untracked 
| 151|0x0000000709700000, 0x0000000709700000, 0x0000000709800000|  0%| F|  |TAMS 0x0000000709700000, 0x0000000709700000| Untracked 
| 152|0x0000000709800000, 0x0000000709800000, 0x0000000709900000|  0%| F|  |TAMS 0x0000000709800000, 0x0000000709800000| Untracked 
| 153|0x0000000709900000, 0x0000000709900000, 0x0000000709a00000|  0%| F|  |TAMS 0x0000000709900000, 0x0000000709900000| Untracked 
| 154|0x0000000709a00000, 0x0000000709a00000, 0x0000000709b00000|  0%| F|  |TAMS 0x0000000709a00000, 0x0000000709a00000| Untracked 
| 155|0x0000000709b00000, 0x0000000709b00000, 0x0000000709c00000|  0%| F|  |TAMS 0x0000000709b00000, 0x0000000709b00000| Untracked 
| 156|0x0000000709c00000, 0x0000000709c00000, 0x0000000709d00000|  0%| F|  |TAMS 0x0000000709c00000, 0x0000000709c00000| Untracked 
| 157|0x0000000709d00000, 0x0000000709d00000, 0x0000000709e00000|  0%| F|  |TAMS 0x0000000709d00000, 0x0000000709d00000| Untracked 
| 158|0x0000000709e00000, 0x0000000709e00000, 0x0000000709f00000|  0%| F|  |TAMS 0x0000000709e00000, 0x0000000709e00000| Untracked 
| 159|0x0000000709f00000, 0x0000000709f00000, 0x000000070a000000|  0%| F|  |TAMS 0x0000000709f00000, 0x0000000709f00000| Untracked 
| 160|0x000000070a000000, 0x000000070a000000, 0x000000070a100000|  0%| F|  |TAMS 0x000000070a000000, 0x000000070a000000| Untracked 
| 161|0x000000070a100000, 0x000000070a100000, 0x000000070a200000|  0%| F|  |TAMS 0x000000070a100000, 0x000000070a100000| Untracked 
| 162|0x000000070a200000, 0x000000070a200000, 0x000000070a300000|  0%| F|  |TAMS 0x000000070a200000, 0x000000070a200000| Untracked 
| 163|0x000000070a300000, 0x000000070a300000, 0x000000070a400000|  0%| F|  |TAMS 0x000000070a300000, 0x000000070a300000| Untracked 
| 164|0x000000070a400000, 0x000000070a400000, 0x000000070a500000|  0%| F|  |TAMS 0x000000070a400000, 0x000000070a400000| Untracked 
| 165|0x000000070a500000, 0x000000070a500000, 0x000000070a600000|  0%| F|  |TAMS 0x000000070a500000, 0x000000070a500000| Untracked 
| 166|0x000000070a600000, 0x000000070a600000, 0x000000070a700000|  0%| F|  |TAMS 0x000000070a600000, 0x000000070a600000| Untracked 
| 167|0x000000070a700000, 0x000000070a700000, 0x000000070a800000|  0%| F|  |TAMS 0x000000070a700000, 0x000000070a700000| Untracked 
| 168|0x000000070a800000, 0x000000070a800000, 0x000000070a900000|  0%| F|  |TAMS 0x000000070a800000, 0x000000070a800000| Untracked 
| 169|0x000000070a900000, 0x000000070a900000, 0x000000070aa00000|  0%| F|  |TAMS 0x000000070a900000, 0x000000070a900000| Untracked 
| 170|0x000000070aa00000, 0x000000070aa00000, 0x000000070ab00000|  0%| F|  |TAMS 0x000000070aa00000, 0x000000070aa00000| Untracked 
| 171|0x000000070ab00000, 0x000000070ab00000, 0x000000070ac00000|  0%| F|  |TAMS 0x000000070ab00000, 0x000000070ab00000| Untracked 
| 172|0x000000070ac00000, 0x000000070ac00000, 0x000000070ad00000|  0%| F|  |TAMS 0x000000070ac00000, 0x000000070ac00000| Untracked 
| 173|0x000000070ad00000, 0x000000070ad80800, 0x000000070ae00000| 50%| E|  |TAMS 0x000000070ad00000, 0x000000070ad00000| Complete 
| 174|0x000000070ae00000, 0x000000070af00000, 0x000000070af00000|100%| E|CS|TAMS 0x000000070ae00000, 0x000000070ae00000| Complete 
| 175|0x000000070af00000, 0x000000070b000000, 0x000000070b000000|100%| E|CS|TAMS 0x000000070af00000, 0x000000070af00000| Complete 
| 176|0x000000070b000000, 0x000000070b100000, 0x000000070b100000|100%| E|CS|TAMS 0x000000070b000000, 0x000000070b000000| Complete 
| 177|0x000000070b100000, 0x000000070b200000, 0x000000070b200000|100%| E|CS|TAMS 0x000000070b100000, 0x000000070b100000| Complete 
| 178|0x000000070b200000, 0x000000070b300000, 0x000000070b300000|100%| E|CS|TAMS 0x000000070b200000, 0x000000070b200000| Complete 
| 179|0x000000070b300000, 0x000000070b400000, 0x000000070b400000|100%| E|CS|TAMS 0x000000070b300000, 0x000000070b300000| Complete 
| 180|0x000000070b400000, 0x000000070b500000, 0x000000070b500000|100%| E|CS|TAMS 0x000000070b400000, 0x000000070b400000| Complete 
| 181|0x000000070b500000, 0x000000070b600000, 0x000000070b600000|100%| E|CS|TAMS 0x000000070b500000, 0x000000070b500000| Complete 
| 182|0x000000070b600000, 0x000000070b700000, 0x000000070b700000|100%| E|  |TAMS 0x000000070b600000, 0x000000070b600000| Complete 
| 183|0x000000070b700000, 0x000000070b800000, 0x000000070b800000|100%| E|CS|TAMS 0x000000070b700000, 0x000000070b700000| Complete 
| 184|0x000000070b800000, 0x000000070b900000, 0x000000070b900000|100%| E|CS|TAMS 0x000000070b800000, 0x000000070b800000| Complete 
| 185|0x000000070b900000, 0x000000070ba00000, 0x000000070ba00000|100%| E|CS|TAMS 0x000000070b900000, 0x000000070b900000| Complete 
| 186|0x000000070ba00000, 0x000000070bb00000, 0x000000070bb00000|100%| E|CS|TAMS 0x000000070ba00000, 0x000000070ba00000| Complete 
| 187|0x000000070bb00000, 0x000000070bc00000, 0x000000070bc00000|100%| E|CS|TAMS 0x000000070bb00000, 0x000000070bb00000| Complete 
| 188|0x000000070bc00000, 0x000000070bd00000, 0x000000070bd00000|100%| E|CS|TAMS 0x000000070bc00000, 0x000000070bc00000| Complete 
| 189|0x000000070bd00000, 0x000000070be00000, 0x000000070be00000|100%| E|CS|TAMS 0x000000070bd00000, 0x000000070bd00000| Complete 
| 190|0x000000070be00000, 0x000000070bf00000, 0x000000070bf00000|100%| E|CS|TAMS 0x000000070be00000, 0x000000070be00000| Complete 
| 191|0x000000070bf00000, 0x000000070c000000, 0x000000070c000000|100%| E|CS|TAMS 0x000000070bf00000, 0x000000070bf00000| Complete 
| 192|0x000000070c000000, 0x000000070c100000, 0x000000070c100000|100%| E|CS|TAMS 0x000000070c000000, 0x000000070c000000| Complete 
| 193|0x000000070c100000, 0x000000070c200000, 0x000000070c200000|100%| E|CS|TAMS 0x000000070c100000, 0x000000070c100000| Complete 
| 194|0x000000070c200000, 0x000000070c300000, 0x000000070c300000|100%| E|CS|TAMS 0x000000070c200000, 0x000000070c200000| Complete 
| 195|0x000000070c300000, 0x000000070c400000, 0x000000070c400000|100%| E|CS|TAMS 0x000000070c300000, 0x000000070c300000| Complete 
| 196|0x000000070c400000, 0x000000070c500000, 0x000000070c500000|100%| E|CS|TAMS 0x000000070c400000, 0x000000070c400000| Complete 
| 197|0x000000070c500000, 0x000000070c600000, 0x000000070c600000|100%| E|CS|TAMS 0x000000070c500000, 0x000000070c500000| Complete 
| 198|0x000000070c600000, 0x000000070c700000, 0x000000070c700000|100%| E|CS|TAMS 0x000000070c600000, 0x000000070c600000| Complete 
| 199|0x000000070c700000, 0x000000070c800000, 0x000000070c800000|100%| E|CS|TAMS 0x000000070c700000, 0x000000070c700000| Complete 
| 200|0x000000070c800000, 0x000000070c900000, 0x000000070c900000|100%| E|CS|TAMS 0x000000070c800000, 0x000000070c800000| Complete 
| 201|0x000000070c900000, 0x000000070ca00000, 0x000000070ca00000|100%| E|CS|TAMS 0x000000070c900000, 0x000000070c900000| Complete 
| 202|0x000000070ca00000, 0x000000070cb00000, 0x000000070cb00000|100%| E|CS|TAMS 0x000000070ca00000, 0x000000070ca00000| Complete 
| 203|0x000000070cb00000, 0x000000070cc00000, 0x000000070cc00000|100%| E|CS|TAMS 0x000000070cb00000, 0x000000070cb00000| Complete 
| 204|0x000000070cc00000, 0x000000070cd00000, 0x000000070cd00000|100%| E|CS|TAMS 0x000000070cc00000, 0x000000070cc00000| Complete 
| 205|0x000000070cd00000, 0x000000070ce00000, 0x000000070ce00000|100%| E|CS|TAMS 0x000000070cd00000, 0x000000070cd00000| Complete 
| 206|0x000000070ce00000, 0x000000070cf00000, 0x000000070cf00000|100%| E|CS|TAMS 0x000000070ce00000, 0x000000070ce00000| Complete 
| 207|0x000000070cf00000, 0x000000070d000000, 0x000000070d000000|100%| E|CS|TAMS 0x000000070cf00000, 0x000000070cf00000| Complete 
| 208|0x000000070d000000, 0x000000070d100000, 0x000000070d100000|100%| E|CS|TAMS 0x000000070d000000, 0x000000070d000000| Complete 
| 209|0x000000070d100000, 0x000000070d200000, 0x000000070d200000|100%| E|CS|TAMS 0x000000070d100000, 0x000000070d100000| Complete 
| 210|0x000000070d200000, 0x000000070d300000, 0x000000070d300000|100%| E|CS|TAMS 0x000000070d200000, 0x000000070d200000| Complete 
| 211|0x000000070d300000, 0x000000070d400000, 0x000000070d400000|100%| E|CS|TAMS 0x000000070d300000, 0x000000070d300000| Complete 
| 212|0x000000070d400000, 0x000000070d500000, 0x000000070d500000|100%| S|CS|TAMS 0x000000070d400000, 0x000000070d400000| Complete 
| 213|0x000000070d500000, 0x000000070d600000, 0x000000070d600000|100%| S|CS|TAMS 0x000000070d500000, 0x000000070d500000| Complete 
| 214|0x000000070d600000, 0x000000070d700000, 0x000000070d700000|100%| S|CS|TAMS 0x000000070d600000, 0x000000070d600000| Complete 
| 215|0x000000070d700000, 0x000000070d800000, 0x000000070d800000|100%| S|CS|TAMS 0x000000070d700000, 0x000000070d700000| Complete 
| 216|0x000000070d800000, 0x000000070d900000, 0x000000070d900000|100%| S|CS|TAMS 0x000000070d800000, 0x000000070d800000| Complete 
| 217|0x000000070d900000, 0x000000070da00000, 0x000000070da00000|100%| S|CS|TAMS 0x000000070d900000, 0x000000070d900000| Complete 
| 218|0x000000070da00000, 0x000000070db00000, 0x000000070db00000|100%| S|CS|TAMS 0x000000070da00000, 0x000000070da00000| Complete 
| 219|0x000000070db00000, 0x000000070dc00000, 0x000000070dc00000|100%| S|CS|TAMS 0x000000070db00000, 0x000000070db00000| Complete 
| 220|0x000000070dc00000, 0x000000070dd00000, 0x000000070dd00000|100%| S|CS|TAMS 0x000000070dc00000, 0x000000070dc00000| Complete 
| 221|0x000000070dd00000, 0x000000070de00000, 0x000000070de00000|100%| E|CS|TAMS 0x000000070dd00000, 0x000000070dd00000| Complete 
| 222|0x000000070de00000, 0x000000070df00000, 0x000000070df00000|100%| E|CS|TAMS 0x000000070de00000, 0x000000070de00000| Complete 
| 223|0x000000070df00000, 0x000000070e000000, 0x000000070e000000|100%| E|CS|TAMS 0x000000070df00000, 0x000000070df00000| Complete 
| 224|0x000000070e000000, 0x000000070e100000, 0x000000070e100000|100%| E|CS|TAMS 0x000000070e000000, 0x000000070e000000| Complete 
| 225|0x000000070e100000, 0x000000070e200000, 0x000000070e200000|100%| E|CS|TAMS 0x000000070e100000, 0x000000070e100000| Complete 
| 226|0x000000070e200000, 0x000000070e300000, 0x000000070e300000|100%| E|CS|TAMS 0x000000070e200000, 0x000000070e200000| Complete 
| 227|0x000000070e300000, 0x000000070e400000, 0x000000070e400000|100%| E|CS|TAMS 0x000000070e300000, 0x000000070e300000| Complete 
| 228|0x000000070e400000, 0x000000070e500000, 0x000000070e500000|100%| E|CS|TAMS 0x000000070e400000, 0x000000070e400000| Complete 
| 229|0x000000070e500000, 0x000000070e600000, 0x000000070e600000|100%| E|CS|TAMS 0x000000070e500000, 0x000000070e500000| Complete 
| 230|0x000000070e600000, 0x000000070e700000, 0x000000070e700000|100%| E|CS|TAMS 0x000000070e600000, 0x000000070e600000| Complete 
| 231|0x000000070e700000, 0x000000070e800000, 0x000000070e800000|100%| E|CS|TAMS 0x000000070e700000, 0x000000070e700000| Complete 
| 232|0x000000070e800000, 0x000000070e900000, 0x000000070e900000|100%| E|CS|TAMS 0x000000070e800000, 0x000000070e800000| Complete 
| 233|0x000000070e900000, 0x000000070ea00000, 0x000000070ea00000|100%| E|CS|TAMS 0x000000070e900000, 0x000000070e900000| Complete 
| 234|0x000000070ea00000, 0x000000070eb00000, 0x000000070eb00000|100%| E|CS|TAMS 0x000000070ea00000, 0x000000070ea00000| Complete 
| 235|0x000000070eb00000, 0x000000070ec00000, 0x000000070ec00000|100%| E|CS|TAMS 0x000000070eb00000, 0x000000070eb00000| Complete 
| 236|0x000000070ec00000, 0x000000070ed00000, 0x000000070ed00000|100%| E|CS|TAMS 0x000000070ec00000, 0x000000070ec00000| Complete 
| 237|0x000000070ed00000, 0x000000070ee00000, 0x000000070ee00000|100%| E|CS|TAMS 0x000000070ed00000, 0x000000070ed00000| Complete 
| 238|0x000000070ee00000, 0x000000070ef00000, 0x000000070ef00000|100%| E|CS|TAMS 0x000000070ee00000, 0x000000070ee00000| Complete 
| 239|0x000000070ef00000, 0x000000070f000000, 0x000000070f000000|100%| E|CS|TAMS 0x000000070ef00000, 0x000000070ef00000| Complete 
| 240|0x000000070f000000, 0x000000070f100000, 0x000000070f100000|100%| E|CS|TAMS 0x000000070f000000, 0x000000070f000000| Complete 
| 241|0x000000070f100000, 0x000000070f200000, 0x000000070f200000|100%| E|CS|TAMS 0x000000070f100000, 0x000000070f100000| Complete 
| 242|0x000000070f200000, 0x000000070f300000, 0x000000070f300000|100%| E|CS|TAMS 0x000000070f200000, 0x000000070f200000| Complete 
| 243|0x000000070f300000, 0x000000070f400000, 0x000000070f400000|100%| E|CS|TAMS 0x000000070f300000, 0x000000070f300000| Complete 
| 244|0x000000070f400000, 0x000000070f500000, 0x000000070f500000|100%| E|CS|TAMS 0x000000070f400000, 0x000000070f400000| Complete 
| 245|0x000000070f500000, 0x000000070f600000, 0x000000070f600000|100%| E|CS|TAMS 0x000000070f500000, 0x000000070f500000| Complete 
| 246|0x000000070f600000, 0x000000070f700000, 0x000000070f700000|100%| E|CS|TAMS 0x000000070f600000, 0x000000070f600000| Complete 
| 247|0x000000070f700000, 0x000000070f800000, 0x000000070f800000|100%| E|CS|TAMS 0x000000070f700000, 0x000000070f700000| Complete 
| 248|0x000000070f800000, 0x000000070f900000, 0x000000070f900000|100%| E|CS|TAMS 0x000000070f800000, 0x000000070f800000| Complete 
| 249|0x000000070f900000, 0x000000070fa00000, 0x000000070fa00000|100%| E|CS|TAMS 0x000000070f900000, 0x000000070f900000| Complete 
| 250|0x000000070fa00000, 0x000000070fb00000, 0x000000070fb00000|100%| E|CS|TAMS 0x000000070fa00000, 0x000000070fa00000| Complete 
| 251|0x000000070fb00000, 0x000000070fc00000, 0x000000070fc00000|100%| E|CS|TAMS 0x000000070fb00000, 0x000000070fb00000| Complete 
| 252|0x000000070fc00000, 0x000000070fd00000, 0x000000070fd00000|100%| E|CS|TAMS 0x000000070fc00000, 0x000000070fc00000| Complete 
| 253|0x000000070fd00000, 0x000000070fe00000, 0x000000070fe00000|100%| E|CS|TAMS 0x000000070fd00000, 0x000000070fd00000| Complete 
| 254|0x000000070fe00000, 0x000000070ff00000, 0x000000070ff00000|100%| E|CS|TAMS 0x000000070fe00000, 0x000000070fe00000| Complete 
| 255|0x000000070ff00000, 0x0000000710000000, 0x0000000710000000|100%| E|CS|TAMS 0x000000070ff00000, 0x000000070ff00000| Complete 

Card table byte_map: [0x000001c0f98e0000,0x000001c0fa0e0000] _byte_map_base: 0x000001c0f60e0000

Marking Bits (Prev, Next): (CMBitMap*) 0x000001c0dfe20f38, (CMBitMap*) 0x000001c0dfe20f70
 Prev Bits: [0x000001c0fa8e0000, 0x000001c0fe8e0000)
 Next Bits: [0x000001c080000000, 0x000001c084000000)

Polling page: 0x000001c0df980000

Metaspace:

Usage:
  Non-class:     35.50 MB capacity,    34.86 MB ( 98%) used,   514.39 KB (  1%) free+waste,   132.38 KB ( <1%) overhead. 
      Class:      4.86 MB capacity,     4.43 MB ( 91%) used,   376.55 KB (  8%) free+waste,    61.56 KB (  1%) overhead. 
       Both:     40.36 MB capacity,    39.30 MB ( 97%) used,   890.94 KB (  2%) free+waste,   193.94 KB ( <1%) overhead. 

Virtual space:
  Non-class space:       36.00 MB reserved,      35.50 MB ( 99%) committed 
      Class space:        1.00 GB reserved,       4.88 MB ( <1%) committed 
             Both:        1.04 GB reserved,      40.38 MB (  4%) committed 

Chunk freelists:
   Non-Class:  4.00 KB
       Class:  16.00 KB
        Both:  20.00 KB

MaxMetaspaceSize: 17179869184.00 GB
CompressedClassSpaceSize: 1.00 GB

CodeHeap 'non-profiled nmethods': size=120064Kb used=2478Kb max_used=2478Kb free=117585Kb
 bounds [0x000001c0f17a0000, 0x000001c0f1a10000, 0x000001c0f8ce0000]
CodeHeap 'profiled nmethods': size=120000Kb used=10534Kb max_used=10534Kb free=109465Kb
 bounds [0x000001c0ea270000, 0x000001c0eacc0000, 0x000001c0f17a0000]
CodeHeap 'non-nmethods': size=5696Kb used=1254Kb max_used=1271Kb free=4441Kb
 bounds [0x000001c0e9ce0000, 0x000001c0e9f50000, 0x000001c0ea270000]
 total_blobs=5181 nmethods=4568 adapters=524
 compilation: enabled
              stopped_count=0, restarted_count=0
 full_count=0

Compilation events (20 events):
Event: 50.832 Thread 0x000001c0ff5de000 4357       2       org.apache.xmlbeans.impl.values.JavaStringHolderEx::get_wscanon_rule (10 bytes)
Event: 50.832 Thread 0x000001c0ff5de000 nmethod 4357 0x000001c0eac17910 code [0x000001c0eac17ac0, 0x000001c0eac17bf8]
Event: 50.832 Thread 0x000001c0ff5de000 4358       2       org.apache.xmlbeans.impl.values.JavaStringHolderEx::set_text (24 bytes)
Event: 50.832 Thread 0x000001c0ff5de000 nmethod 4358 0x000001c0eac17d10 code [0x000001c0eac17ec0, 0x000001c0eac18088]
Event: 50.832 Thread 0x000001c0ff5de000 4359       2       org.apache.poi.ss.util.CellReference::<init> (197 bytes)
Event: 50.833 Thread 0x000001c0ff5de000 nmethod 4359 0x000001c0eac18190 code [0x000001c0eac18440, 0x000001c0eac18ca8]
Event: 50.833 Thread 0x000001c0ff5de000 4360       2       org.apache.poi.ss.util.CellReference::parseSheetName (244 bytes)
Event: 50.834 Thread 0x000001c0ff5de000 nmethod 4360 0x000001c0eac19210 code [0x000001c0eac195e0, 0x000001c0eac1a538]
Event: 50.834 Thread 0x000001c0ff5de000 4361       2       org.apache.poi.ss.util.CellReference$CellRefParts::<init> (38 bytes)
Event: 50.834 Thread 0x000001c0ff5de000 nmethod 4361 0x000001c0eac1af90 code [0x000001c0eac1b140, 0x000001c0eac1b378]
Event: 50.834 Thread 0x000001c0ff5de000 4362   !   2       org.openxmlformats.schemas.spreadsheetml.x2006.main.impl.CTCellImpl::getF (47 bytes)
Event: 50.835 Thread 0x000001c0ff5de000 nmethod 4362 0x000001c0eac1b410 code [0x000001c0eac1b640, 0x000001c0eac1bd58]
Event: 50.836 Thread 0x000001c0ff5de000 4363       2       java.util.TreeMap::<init> (20 bytes)
Event: 50.836 Thread 0x000001c0ff5de000 nmethod 4363 0x000001c0eac1c210 code [0x000001c0eac1c3c0, 0x000001c0eac1c4f8]
Event: 50.836 Thread 0x000001c0ff5de000 4364       2       org.apache.xmlbeans.impl.values.XmlObjectBase::get_attributeflags (56 bytes)
Event: 50.836 Thread 0x000001c0ff5de000 nmethod 4364 0x000001c0eac1c590 code [0x000001c0eac1c780, 0x000001c0eac1ca98]
Event: 50.851 Thread 0x000001c0ff5de000 4366  s    2       java.lang.StringBuffer::toString (59 bytes)
Event: 50.851 Thread 0x000001c0ff5de000 nmethod 4366 0x000001c0eac1cc10 code [0x000001c0eac1ce00, 0x000001c0eac1d3d8]
Event: 50.856 Thread 0x000001c0ff5de000 4368  s    1       java.lang.StringBuffer::length (5 bytes)
Event: 50.857 Thread 0x000001c0ff5de000 nmethod 4368 0x000001c0f1a05c90 code [0x000001c0f1a05e40, 0x000001c0f1a06078]

GC Heap History (16 events):
Event: 1.796 GC heap before
{Heap before GC invocations=0 (full 0):
 garbage-first heap   total 262144K, used 14336K [0x0000000700000000, 0x0000000800000000)
  region size 1024K, 12 young (12288K), 0 survivors (0K)
 Metaspace       used 5097K, capacity 5192K, committed 5376K, reserved 1056768K
  class space    used 456K, capacity 496K, committed 512K, reserved 1048576K
}
Event: 1.878 GC heap after
{Heap after GC invocations=1 (full 0):
 garbage-first heap   total 262144K, used 7755K [0x0000000700000000, 0x0000000800000000)
  region size 1024K, 2 young (2048K), 2 survivors (2048K)
 Metaspace       used 5097K, capacity 5192K, committed 5376K, reserved 1056768K
  class space    used 456K, capacity 496K, committed 512K, reserved 1048576K
}
Event: 3.873 GC heap before
{Heap before GC invocations=1 (full 0):
 garbage-first heap   total 262144K, used 16971K [0x0000000700000000, 0x0000000800000000)
  region size 1024K, 12 young (12288K), 2 survivors (2048K)
 Metaspace       used 11429K, capacity 11594K, committed 11776K, reserved 1060864K
  class space    used 1088K, capacity 1167K, committed 1280K, reserved 1048576K
}
Event: 3.877 GC heap after
{Heap after GC invocations=2 (full 0):
 garbage-first heap   total 262144K, used 9336K [0x0000000700000000, 0x0000000800000000)
  region size 1024K, 2 young (2048K), 2 survivors (2048K)
 Metaspace       used 11429K, capacity 11594K, committed 11776K, reserved 1060864K
  class space    used 1088K, capacity 1167K, committed 1280K, reserved 1048576K
}
Event: 5.522 GC heap before
{Heap before GC invocations=2 (full 0):
 garbage-first heap   total 262144K, used 47224K [0x0000000700000000, 0x0000000800000000)
  region size 1024K, 39 young (39936K), 2 survivors (2048K)
 Metaspace       used 14883K, capacity 15274K, committed 15488K, reserved 1062912K
  class space    used 1468K, capacity 1624K, committed 1664K, reserved 1048576K
}
Event: 5.531 GC heap after
{Heap after GC invocations=3 (full 0):
 garbage-first heap   total 262144K, used 12193K [0x0000000700000000, 0x0000000800000000)
  region size 1024K, 5 young (5120K), 5 survivors (5120K)
 Metaspace       used 14883K, capacity 15274K, committed 15488K, reserved 1062912K
  class space    used 1468K, capacity 1624K, committed 1664K, reserved 1048576K
}
Event: 8.353 GC heap before
{Heap before GC invocations=3 (full 0):
 garbage-first heap   total 262144K, used 37793K [0x0000000700000000, 0x0000000800000000)
  region size 1024K, 31 young (31744K), 5 survivors (5120K)
 Metaspace       used 20611K, capacity 21210K, committed 21296K, reserved 1069056K
  class space    used 2199K, capacity 2474K, committed 2560K, reserved 1048576K
}
Event: 8.363 GC heap after
{Heap after GC invocations=4 (full 0):
 garbage-first heap   total 262144K, used 14308K [0x0000000700000000, 0x0000000800000000)
  region size 1024K, 5 young (5120K), 5 survivors (5120K)
 Metaspace       used 20611K, capacity 21210K, committed 21296K, reserved 1069056K
  class space    used 2199K, capacity 2474K, committed 2560K, reserved 1048576K
}
Event: 10.693 GC heap before
{Heap before GC invocations=5 (full 0):
 garbage-first heap   total 262144K, used 54244K [0x0000000700000000, 0x0000000800000000)
  region size 1024K, 44 young (45056K), 5 survivors (5120K)
 Metaspace       used 20932K, capacity 21542K, committed 21808K, reserved 1069056K
  class space    used 2235K, capacity 2497K, committed 2560K, reserved 1048576K
}
Event: 10.702 GC heap after
{Heap after GC invocations=6 (full 0):
 garbage-first heap   total 262144K, used 14638K [0x0000000700000000, 0x0000000800000000)
  region size 1024K, 3 young (3072K), 3 survivors (3072K)
 Metaspace       used 20932K, capacity 21542K, committed 21808K, reserved 1069056K
  class space    used 2235K, capacity 2497K, committed 2560K, reserved 1048576K
}
Event: 12.556 GC heap before
{Heap before GC invocations=6 (full 0):
 garbage-first heap   total 262144K, used 62766K [0x0000000700000000, 0x0000000800000000)
  region size 1024K, 50 young (51200K), 3 survivors (3072K)
 Metaspace       used 21041K, capacity 21625K, committed 21808K, reserved 1069056K
  class space    used 2235K, capacity 2497K, committed 2560K, reserved 1048576K
}
Event: 12.561 GC heap after
{Heap after GC invocations=7 (full 0):
 garbage-first heap   total 262144K, used 14464K [0x0000000700000000, 0x0000000800000000)
  region size 1024K, 3 young (3072K), 3 survivors (3072K)
 Metaspace       used 21041K, capacity 21625K, committed 21808K, reserved 1069056K
  class space    used 2235K, capacity 2497K, committed 2560K, reserved 1048576K
}
Event: 16.385 GC heap before
{Heap before GC invocations=7 (full 0):
 garbage-first heap   total 262144K, used 140416K [0x0000000700000000, 0x0000000800000000)
  region size 1024K, 126 young (129024K), 3 survivors (3072K)
 Metaspace       used 26843K, capacity 27646K, committed 27904K, reserved 1073152K
  class space    used 2930K, capacity 3278K, committed 3328K, reserved 1048576K
}
Event: 16.398 GC heap after
{Heap after GC invocations=8 (full 0):
 garbage-first heap   total 262144K, used 18526K [0x0000000700000000, 0x0000000800000000)
  region size 1024K, 7 young (7168K), 7 survivors (7168K)
 Metaspace       used 26843K, capacity 27646K, committed 27904K, reserved 1073152K
  class space    used 2930K, capacity 3278K, committed 3328K, reserved 1048576K
}
Event: 49.242 GC heap before
{Heap before GC invocations=8 (full 0):
 garbage-first heap   total 262144K, used 53342K [0x0000000700000000, 0x0000000800000000)
  region size 1024K, 42 young (43008K), 7 survivors (7168K)
 Metaspace       used 34738K, capacity 35804K, committed 35840K, reserved 1081344K
  class space    used 3927K, capacity 4347K, committed 4352K, reserved 1048576K
}
Event: 49.256 GC heap after
{Heap after GC invocations=9 (full 0):
 garbage-first heap   total 262144K, used 21371K [0x0000000700000000, 0x0000000800000000)
  region size 1024K, 9 young (9216K), 9 survivors (9216K)
 Metaspace       used 34738K, capacity 35804K, committed 35840K, reserved 1081344K
  class space    used 3927K, capacity 4347K, committed 4352K, reserved 1048576K
}

Deoptimization events (20 events):
Event: 50.562 Thread 0x000001c086c1b800 DEOPT PACKING pc=0x000001c0eaa8e620 sp=0x0000006a0a7fccb0
Event: 50.562 Thread 0x000001c086c1b800 DEOPT UNPACKING pc=0x000001c0e9d08d5e sp=0x0000006a0a7fc1f0 mode 0
Event: 50.563 Thread 0x000001c086c1b800 DEOPT PACKING pc=0x000001c0eaa8e620 sp=0x0000006a0a7fced0
Event: 50.563 Thread 0x000001c086c1b800 DEOPT UNPACKING pc=0x000001c0e9d08d5e sp=0x0000006a0a7fc410 mode 0
Event: 50.565 Thread 0x000001c086c1b800 DEOPT PACKING pc=0x000001c0eaa8e620 sp=0x0000006a0a7fccb0
Event: 50.565 Thread 0x000001c086c1b800 DEOPT UNPACKING pc=0x000001c0e9d08d5e sp=0x0000006a0a7fc1f0 mode 0
Event: 50.565 Thread 0x000001c086c1b800 DEOPT PACKING pc=0x000001c0eaa8e620 sp=0x0000006a0a7fcff0
Event: 50.565 Thread 0x000001c086c1b800 DEOPT UNPACKING pc=0x000001c0e9d08d5e sp=0x0000006a0a7fc530 mode 0
Event: 50.569 Thread 0x000001c086c1b800 DEOPT PACKING pc=0x000001c0eabfa293 sp=0x0000006a0a7fced0
Event: 50.569 Thread 0x000001c086c1b800 DEOPT UNPACKING pc=0x000001c0e9d08d5e sp=0x0000006a0a7fc390 mode 0
Event: 50.569 Thread 0x000001c086c1b800 DEOPT PACKING pc=0x000001c0eaa8e620 sp=0x0000006a0a7fcf20
Event: 50.569 Thread 0x000001c086c1b800 DEOPT UNPACKING pc=0x000001c0e9d08d5e sp=0x0000006a0a7fc460 mode 0
Event: 50.571 Thread 0x000001c086c1b800 DEOPT PACKING pc=0x000001c0eaa8e620 sp=0x0000006a0a7fccb0
Event: 50.571 Thread 0x000001c086c1b800 DEOPT UNPACKING pc=0x000001c0e9d08d5e sp=0x0000006a0a7fc1f0 mode 0
Event: 50.572 Thread 0x000001c086c1b800 DEOPT PACKING pc=0x000001c0eaa8e620 sp=0x0000006a0a7fd010
Event: 50.572 Thread 0x000001c086c1b800 DEOPT UNPACKING pc=0x000001c0e9d08d5e sp=0x0000006a0a7fc550 mode 0
Event: 50.808 Thread 0x000001c086c1b800 Uncommon trap: trap_request=0xffffff4d fr.pc=0x000001c0f1986298 relative=0x00000000000004d8
Event: 50.808 Thread 0x000001c086c1b800 Uncommon trap: reason=unstable_if action=reinterpret pc=0x000001c0f1986298 method=java.lang.String.regionMatches(ZILjava/lang/String;II)Z @ 21 c2
Event: 50.808 Thread 0x000001c086c1b800 DEOPT PACKING pc=0x000001c0f1986298 sp=0x0000006a0a7fd650
Event: 50.808 Thread 0x000001c086c1b800 DEOPT UNPACKING pc=0x000001c0e9ce822f sp=0x0000006a0a7fd600 mode 2

Classes redefined (0 events):
No events

Internal exceptions (20 events):
Event: 26.043 Thread 0x000001c086c1b800 Exception <a 'java/lang/NoSuchMethodError'{0x000000070eac77d0}: 'java.lang.Object java.lang.invoke.DirectMethodHandle$Holder.invokeSpecialIFC(java.lang.Object, java.lang.Object, java.lang.Object)'> (0x000000070eac77d0) thrown at [./src/hotspot/share/interpreter/linkResolver.cpp, line 773]
Event: 26.082 Thread 0x000001c086c1b800 Exception <a 'java/lang/ClassNotFoundException'{0x000000070e955e20}: sun/util/logging/resources/spi/loggingProvider> (0x000000070e955e20) thrown at [./src/hotspot/share/classfile/systemDictionary.cpp, line 231]
Event: 26.114 Thread 0x000001c086c1b800 Exception <a 'java/net/SocketTimeoutException'{0x000000070e835bf0}: Read timed out> (0x000000070e835bf0) thrown at [./src/hotspot/share/prims/jni.cpp, line 636]
Event: 26.826 Thread 0x000001c086c1b800 Exception <a 'java/net/SocketTimeoutException'{0x000000070e8426b8}: Read timed out> (0x000000070e8426b8) thrown at [./src/hotspot/share/prims/jni.cpp, line 636]
Event: 27.536 Thread 0x000001c086c1b800 Exception <a 'java/net/SocketTimeoutException'{0x000000070e85f960}: Read timed out> (0x000000070e85f960) thrown at [./src/hotspot/share/prims/jni.cpp, line 636]
Event: 27.599 Thread 0x000001c086c1b800 Exception <a 'java/net/SocketTimeoutException'{0x000000070e872dd8}: Read timed out> (0x000000070e872dd8) thrown at [./src/hotspot/share/prims/jni.cpp, line 636]
Event: 27.678 Thread 0x000001c086c1b800 Exception <a 'java/net/SocketTimeoutException'{0x000000070e886e50}: Read timed out> (0x000000070e886e50) thrown at [./src/hotspot/share/prims/jni.cpp, line 636]
Event: 49.436 Thread 0x000001c086c1b800 Exception <a 'java/security/PrivilegedActionException'{0x000000070fdd8258}> (0x000000070fdd8258) thrown at [./src/hotspot/share/prims/jvm.cpp, line 1305]
Event: 49.436 Thread 0x000001c086c1b800 Exception <a 'java/security/PrivilegedActionException'{0x000000070fdd8a78}> (0x000000070fdd8a78) thrown at [./src/hotspot/share/prims/jvm.cpp, line 1305]
Event: 49.436 Thread 0x000001c086c1b800 Exception <a 'java/security/PrivilegedActionException'{0x000000070fddb2f0}> (0x000000070fddb2f0) thrown at [./src/hotspot/share/prims/jvm.cpp, line 1305]
Event: 49.436 Thread 0x000001c086c1b800 Exception <a 'java/security/PrivilegedActionException'{0x000000070fddbb10}> (0x000000070fddbb10) thrown at [./src/hotspot/share/prims/jvm.cpp, line 1305]
Event: 49.453 Thread 0x000001c086c1b800 Exception <a 'java/security/PrivilegedActionException'{0x000000070fdf3b98}> (0x000000070fdf3b98) thrown at [./src/hotspot/share/prims/jvm.cpp, line 1305]
Event: 49.453 Thread 0x000001c086c1b800 Exception <a 'java/security/PrivilegedActionException'{0x000000070fdf43b8}> (0x000000070fdf43b8) thrown at [./src/hotspot/share/prims/jvm.cpp, line 1305]
Event: 49.453 Thread 0x000001c086c1b800 Exception <a 'java/security/PrivilegedActionException'{0x000000070fdf6c50}> (0x000000070fdf6c50) thrown at [./src/hotspot/share/prims/jvm.cpp, line 1305]
Event: 49.453 Thread 0x000001c086c1b800 Exception <a 'java/security/PrivilegedActionException'{0x000000070fdf7470}> (0x000000070fdf7470) thrown at [./src/hotspot/share/prims/jvm.cpp, line 1305]
Event: 49.453 Thread 0x000001c086c1b800 Exception <a 'java/security/PrivilegedActionException'{0x000000070fc01338}> (0x000000070fc01338) thrown at [./src/hotspot/share/prims/jvm.cpp, line 1305]
Event: 49.453 Thread 0x000001c086c1b800 Exception <a 'java/security/PrivilegedActionException'{0x000000070fc01b58}> (0x000000070fc01b58) thrown at [./src/hotspot/share/prims/jvm.cpp, line 1305]
Event: 49.453 Thread 0x000001c086c1b800 Exception <a 'java/security/PrivilegedActionException'{0x000000070fc044d0}> (0x000000070fc044d0) thrown at [./src/hotspot/share/prims/jvm.cpp, line 1305]
Event: 49.453 Thread 0x000001c086c1b800 Exception <a 'java/security/PrivilegedActionException'{0x000000070fc04cf0}> (0x000000070fc04cf0) thrown at [./src/hotspot/share/prims/jvm.cpp, line 1305]
Event: 49.898 Thread 0x000001c086c1b800 Implicit null exception at 0x000001c0f19c5c84 to 0x000001c0f19c5e94

Events (20 events):
Event: 50.701 Executing VM operation: RevokeBias
Event: 50.701 Executing VM operation: RevokeBias done
Event: 50.701 Executing VM operation: RevokeBias
Event: 50.701 Executing VM operation: RevokeBias done
Event: 50.701 loading class org/apache/poi/util/StringUtil
Event: 50.701 loading class org/apache/poi/util/StringUtil done
Event: 50.702 loading class java/nio/charset/Charset$ExtendedProviderHolder
Event: 50.702 loading class java/nio/charset/Charset$ExtendedProviderHolder done
Event: 50.702 loading class java/nio/charset/Charset$ExtendedProviderHolder$1
Event: 50.702 loading class java/nio/charset/Charset$ExtendedProviderHolder$1 done
Event: 50.806 loading class sun/nio/cs/DoubleByte$Encoder
Event: 50.807 loading class sun/nio/cs/DoubleByte$Encoder done
Event: 50.807 loading class sun/nio/cs/DoubleByte$Decoder
Event: 50.807 loading class sun/nio/cs/DelegatableDecoder
Event: 50.807 loading class sun/nio/cs/DelegatableDecoder done
Event: 50.807 loading class sun/nio/cs/DoubleByte$Decoder done
Event: 50.807 Executing VM operation: Deoptimize
Event: 50.808 Executing VM operation: Deoptimize done
Event: 50.809 loading class org/apache/poi/ss/util/CellReference$CellRefParts
Event: 50.809 loading class org/apache/poi/ss/util/CellReference$CellRefParts done


Dynamic libraries:
0x00007ff647e60000 - 0x00007ff647e6d000 	C:\Program Files\AutomationEdge\tools\OpenJDK11U-jdk_x64_windows_hotspot_11.0.9_11\jdk-11.0.9+11\bin\java.exe
0x00007fff55a70000 - 0x00007fff55c68000 	C:\Windows\SYSTEM32\ntdll.dll
0x00007fff54fe0000 - 0x00007fff5509f000 	C:\Windows\System32\KERNEL32.dll
0x00007fff52f90000 - 0x00007fff53091000 	C:\Windows\system32\hmpalert.dll
0x00007fff53490000 - 0x00007fff53762000 	C:\Windows\System32\KERNELBASE.dll
0x00007fff53210000 - 0x00007fff53310000 	C:\Windows\System32\ucrtbase.dll
0x00007fff30b80000 - 0x00007fff30b97000 	C:\Program Files\AutomationEdge\tools\OpenJDK11U-jdk_x64_windows_hotspot_11.0.9_11\jdk-11.0.9+11\bin\jli.dll
0x00007fff54b90000 - 0x00007fff54d31000 	C:\Windows\System32\USER32.dll
0x00007fff53770000 - 0x00007fff53792000 	C:\Windows\System32\win32u.dll
0x00007fff547a0000 - 0x00007fff547cb000 	C:\Windows\System32\GDI32.dll
0x00007fff53380000 - 0x00007fff5348f000 	C:\Windows\System32\gdi32full.dll
0x00007fff53a10000 - 0x00007fff53aad000 	C:\Windows\System32\msvcp_win.dll
0x00007fff30b60000 - 0x00007fff30b75000 	C:\Program Files\AutomationEdge\tools\OpenJDK11U-jdk_x64_windows_hotspot_11.0.9_11\jdk-11.0.9+11\bin\VCRUNTIME140.dll
0x00007fff44210000 - 0x00007fff444aa000 	C:\Windows\WinSxS\amd64_microsoft.windows.common-controls_6595b64144ccf1df_6.0.19041.1110_none_60b5254171f9507e\COMCTL32.dll
0x00007fff550a0000 - 0x00007fff5513e000 	C:\Windows\System32\msvcrt.dll
0x00007fff54760000 - 0x00007fff54792000 	C:\Windows\System32\IMM32.DLL
0x00007fff2f330000 - 0x00007fff2f3cb000 	C:\Program Files\AutomationEdge\tools\OpenJDK11U-jdk_x64_windows_hotspot_11.0.9_11\jdk-11.0.9+11\bin\msvcp140.dll
0x00007ffedf290000 - 0x00007ffedfdd3000 	C:\Program Files\AutomationEdge\tools\OpenJDK11U-jdk_x64_windows_hotspot_11.0.9_11\jdk-11.0.9+11\bin\server\jvm.dll
0x00007fff53ab0000 - 0x00007fff53b5e000 	C:\Windows\System32\ADVAPI32.dll
0x00007fff541e0000 - 0x00007fff5427c000 	C:\Windows\System32\sechost.dll
0x00007fff54d60000 - 0x00007fff54e85000 	C:\Windows\System32\RPCRT4.dll
0x00007fff545f0000 - 0x00007fff545f8000 	C:\Windows\System32\PSAPI.DLL
0x00007fff4a4b0000 - 0x00007fff4a4b9000 	C:\Windows\SYSTEM32\WSOCK32.dll
0x00007fff55150000 - 0x00007fff551bb000 	C:\Windows\System32\WS2_32.dll
0x00007fff4dc30000 - 0x00007fff4dc57000 	C:\Windows\SYSTEM32\WINMM.dll
0x00007fff4eba0000 - 0x00007fff4ebaa000 	C:\Windows\SYSTEM32\VERSION.dll
0x00007fff50e50000 - 0x00007fff50e62000 	C:\Windows\SYSTEM32\kernel.appcore.dll
0x00007fff50630000 - 0x00007fff50640000 	C:\Program Files\AutomationEdge\tools\OpenJDK11U-jdk_x64_windows_hotspot_11.0.9_11\jdk-11.0.9+11\bin\verify.dll
0x00007fff48570000 - 0x00007fff48754000 	C:\Windows\SYSTEM32\DBGHELP.DLL
0x00007fff48530000 - 0x00007fff48565000 	C:\Windows\SYSTEM32\dbgcore.DLL
0x00007fff53980000 - 0x00007fff53a02000 	C:\Windows\System32\bcryptPrimitives.dll
0x00007fff30b30000 - 0x00007fff30b58000 	C:\Program Files\AutomationEdge\tools\OpenJDK11U-jdk_x64_windows_hotspot_11.0.9_11\jdk-11.0.9+11\bin\java.dll
0x00007fff504a0000 - 0x00007fff504aa000 	C:\Program Files\AutomationEdge\tools\OpenJDK11U-jdk_x64_windows_hotspot_11.0.9_11\jdk-11.0.9+11\bin\jimage.dll
0x00007fff30b10000 - 0x00007fff30b27000 	C:\Program Files\AutomationEdge\tools\OpenJDK11U-jdk_x64_windows_hotspot_11.0.9_11\jdk-11.0.9+11\bin\zip.dll
0x00007fff551c0000 - 0x00007fff55905000 	C:\Windows\System32\SHELL32.dll
0x00007fff51130000 - 0x00007fff518c2000 	C:\Windows\SYSTEM32\windows.storage.dll
0x00007fff54830000 - 0x00007fff54b85000 	C:\Windows\System32\combase.dll
0x00007fff529d0000 - 0x00007fff52a00000 	C:\Windows\SYSTEM32\Wldp.dll
0x00007fff546b0000 - 0x00007fff5475d000 	C:\Windows\System32\SHCORE.dll
0x00007fff547d0000 - 0x00007fff54825000 	C:\Windows\System32\shlwapi.dll
0x00007fff530a0000 - 0x00007fff530bf000 	C:\Windows\SYSTEM32\profapi.dll
0x00007fff30af0000 - 0x00007fff30b09000 	C:\Program Files\AutomationEdge\tools\OpenJDK11U-jdk_x64_windows_hotspot_11.0.9_11\jdk-11.0.9+11\bin\net.dll
0x00007fff4d1b0000 - 0x00007fff4d2bc000 	C:\Windows\SYSTEM32\WINHTTP.dll
0x00007fff52730000 - 0x00007fff5279a000 	C:\Windows\system32\mswsock.dll
0x00007fff30a70000 - 0x00007fff30a82000 	C:\Program Files\AutomationEdge\tools\OpenJDK11U-jdk_x64_windows_hotspot_11.0.9_11\jdk-11.0.9+11\bin\nio.dll
0x00007fff52920000 - 0x00007fff52938000 	C:\Windows\SYSTEM32\CRYPTSP.dll
0x00007fff52050000 - 0x00007fff52084000 	C:\Windows\system32\rsaenh.dll
0x00007fff537a0000 - 0x00007fff537c7000 	C:\Windows\System32\bcrypt.dll
0x00007fff52f50000 - 0x00007fff52f7e000 	C:\Windows\SYSTEM32\USERENV.dll
0x00007fff52940000 - 0x00007fff5294c000 	C:\Windows\SYSTEM32\CRYPTBASE.dll
0x00007fff52420000 - 0x00007fff5245b000 	C:\Windows\SYSTEM32\IPHLPAPI.DLL
0x00007fff55140000 - 0x00007fff55148000 	C:\Windows\System32\NSI.dll
0x00007fff4e8e0000 - 0x00007fff4e8f7000 	C:\Windows\SYSTEM32\dhcpcsvc6.DLL
0x00007fff4e7f0000 - 0x00007fff4e80d000 	C:\Windows\SYSTEM32\dhcpcsvc.DLL
0x00007fff52470000 - 0x00007fff5253b000 	C:\Windows\SYSTEM32\DNSAPI.dll
0x00007fff49d00000 - 0x00007fff49d09000 	C:\Program Files\AutomationEdge\tools\OpenJDK11U-jdk_x64_windows_hotspot_11.0.9_11\jdk-11.0.9+11\bin\management.dll
0x00007fff47780000 - 0x00007fff4778b000 	C:\Program Files\AutomationEdge\tools\OpenJDK11U-jdk_x64_windows_hotspot_11.0.9_11\jdk-11.0.9+11\bin\management_ext.dll
0x00007fff49b60000 - 0x00007fff49b77000 	C:\Windows\system32\napinsp.dll
0x00007fff49b80000 - 0x00007fff49b9b000 	C:\Windows\system32\pnrpnsp.dll
0x00007fff49ba0000 - 0x00007fff49bb5000 	C:\Windows\system32\wshbth.dll
0x00007fff4ff70000 - 0x00007fff4ff8d000 	C:\Windows\system32\NLAapi.dll
0x00007fff4a1a0000 - 0x00007fff4a1b2000 	C:\Windows\System32\winrnr.dll
0x00007fff4d3f0000 - 0x00007fff4d3fa000 	C:\Windows\System32\rasadhlp.dll
0x00007fff4f220000 - 0x00007fff4f2a0000 	C:\Windows\System32\fwpuclnt.dll
0x00007fff454e0000 - 0x00007fff454ee000 	C:\Program Files\AutomationEdge\tools\OpenJDK11U-jdk_x64_windows_hotspot_11.0.9_11\jdk-11.0.9+11\bin\sunmscapi.dll
0x00007fff537d0000 - 0x00007fff53926000 	C:\Windows\System32\CRYPT32.dll
0x00007fff52a40000 - 0x00007fff52a67000 	C:\Windows\SYSTEM32\ncrypt.dll
0x00007fff52a00000 - 0x00007fff52a3b000 	C:\Windows\SYSTEM32\NTASN1.dll
0x00007fff2fbf0000 - 0x00007fff2fc15000 	C:\Program Files\AutomationEdge\tools\OpenJDK11U-jdk_x64_windows_hotspot_11.0.9_11\jdk-11.0.9+11\bin\sunec.dll

dbghelp: loaded successfully - version: 4.0.5 - missing functions: none
symbol engine: initialized successfully - sym options: 0x614 - pdb path: .;C:\Program Files\AutomationEdge\tools\OpenJDK11U-jdk_x64_windows_hotspot_11.0.9_11\jdk-11.0.9+11\bin;C:\Windows\SYSTEM32;C:\Windows\WinSxS\amd64_microsoft.windows.common-controls_6595b64144ccf1df_6.0.19041.1110_none_60b5254171f9507e;C:\Program Files\AutomationEdge\tools\OpenJDK11U-jdk_x64_windows_hotspot_11.0.9_11\jdk-11.0.9+11\bin\server

VM Arguments:
java_command: E:\KalyaniG\AEWorkspace\AEQATestAutomationFramework\target\surefire\surefirebooter8418222110508640828.jar E:\KalyaniG\AEWorkspace\AEQATestAutomationFramework\target\surefire\surefire11352282490663991800tmp E:\KalyaniG\AEWorkspace\AEQATestAutomationFramework\target\surefire\surefire_03812149949126552742tmp
java_class_path (initial): E:\KalyaniG\AEWorkspace\AEQATestAutomationFramework\target\surefire\surefirebooter8418222110508640828.jar
Launcher Type: SUN_STANDARD

[Global flags]
     intx CICompilerCount                          = 2                                         {product} {ergonomic}
     uint ConcGCThreads                            = 1                                         {product} {ergonomic}
     uint G1ConcRefinementThreads                  = 2                                         {product} {ergonomic}
   size_t G1HeapRegionSize                         = 1048576                                   {product} {ergonomic}
    uintx GCDrainStackTargetSize                   = 64                                        {product} {ergonomic}
   size_t InitialHeapSize                          = 268435456                                 {product} {ergonomic}
   size_t MarkStackSize                            = 4194304                                   {product} {ergonomic}
   size_t MaxHeapSize                              = 4294967296                                {product} {ergonomic}
   size_t MaxNewSize                               = 2576351232                                {product} {ergonomic}
   size_t MinHeapDeltaBytes                        = 1048576                                   {product} {ergonomic}
    uintx NonNMethodCodeHeapSize                   = 5825164                                {pd product} {ergonomic}
    uintx NonProfiledCodeHeapSize                  = 122916538                              {pd product} {ergonomic}
    uintx ProfiledCodeHeapSize                     = 122916538                              {pd product} {ergonomic}
    uintx ReservedCodeCacheSize                    = 251658240                              {pd product} {ergonomic}
     bool SegmentedCodeCache                       = true                                      {product} {ergonomic}
     bool UseCompressedClassPointers               = true                                 {lp64_product} {ergonomic}
     bool UseCompressedOops                        = true                                 {lp64_product} {ergonomic}
     bool UseG1GC                                  = true                                      {product} {ergonomic}
     bool UseLargePagesIndividualAllocation        = false                                  {pd product} {ergonomic}

Logging:
Log output configuration:
 #0: stdout all=warning uptime,level,tags
 #1: stderr all=off uptime,level,tags

Environment Variables:
JAVA_HOME=C:\Program Files\AutomationEdge\tools\OpenJDK11U-jdk_x64_windows_hotspot_11.0.9_11\jdk-11.0.9+11
PATH=C:\Windows\system32;C:\Windows;C:\Windows\System32\Wbem;C:\Windows\System32\WindowsPowerShell\v1.0\;C:\Windows\System32\OpenSSH\;C:\Program Files\Docker\Docker\resources\bin;C:\Program Files\Git\cmd;E:\KalyaniG\TechTools\Maven\apache-maven-3.9.0-bin\apache-maven-3.9.0\bin;C:\Program Files\AutomationEdge\tools\OpenJDK11U-jdk_x64_windows_hotspot_11.0.9_11\jdk-11.0.9+11\bin;C:\Program Files (x86)\Microsoft SQL Server\160\DTS\Binn\;C:\Program Files\Azure Data Studio\bin;C:\Program Files\Microsoft SQL Server\Client SDK\ODBC\170\Tools\Binn\;C:\Program Files (x86)\Microsoft SQL Server\150\Tools\Binn\;C:\Program Files\Microsoft SQL Server\150\Tools\Binn\;C:\Program Files\Microsoft SQL Server\150\DTS\Binn\;C:\Users\kalyani.gomkale\AppData\Local\Microsoft\WindowsApps;
USERNAME=kalyani.gomkale
OS=Windows_NT
PROCESSOR_IDENTIFIER=Intel64 Family 6 Model 85 Stepping 7, GenuineIntel



---------------  S Y S T E M  ---------------

OS: Windows 10 , 64 bit Build 19041 (10.0.19041.2546)
OS uptime: 14 days 2:57 hours
VMWare virtualization detected

CPU:total 2 (initial active 2) (1 cores per cpu, 1 threads per core) family 6 model 85 stepping 7, cmov, cx8, fxsr, mmx, sse, sse2, sse3, ssse3, sse4.1, sse4.2, popcnt, avx, avx2, aes, clmul, erms, rtm, 3dnowpref, lzcnt, tsc, tscinvbit, bmi1, bmi2, adx, evex, fma

Memory: 4k page, system-wide physical 16383M (1583M free)
TotalPageFile size 29313M (AvailPageFile size 54M)
current process WorkingSet (physical memory assigned to process): 278M, peak: 278M
current process commit charge ("private bytes"): 422M, peak: 422M

vm_info: OpenJDK 64-Bit Server VM (11.0.9+11) for windows-amd64 JRE (11.0.9+11), built on Oct 24 2020 15:15:35 by "" with MS VC++ 15.9 (VS2017)

END.
