#
# There is insufficient memory for the Java Runtime Environment to continue.
# Native memory allocation (mmap) failed to map 268435456 bytes for G1 virtual space
# Possible reasons:
#   The system is out of physical RAM or swap space
#   The process is running with CompressedOops enabled, and the Java Heap may be blocking the growth of the native heap
# Possible solutions:
#   Reduce memory load on the system
#   Increase physical memory or swap space
#   Check if swap backing store is full
#   Decrease Java heap size (-Xmx/-Xms)
#   Decrease number of Java threads
#   Decrease Java thread stack sizes (-Xss)
#   Set larger code cache with -XX:ReservedCodeCacheSize=
#   JVM is running with Zero Based Compressed Oops mode in which the Java heap is
#     placed in the first 32GB address space. The Java Heap base address is the
#     maximum limit for the native heap growth. Please use -XX:HeapBaseMinAddress
#     to set the Java Heap base and to place the Java Heap above 32GB virtual address.
# This output file may be truncated or incomplete.
#
#  Out of Memory Error (os_windows.cpp:3557), pid=40532, tid=69484
#
# JRE version:  (17.0.6+10) (build )
# Java VM: OpenJDK 64-Bit Server VM (17.0.6+10, mixed mode, sharing, tiered, compressed oops, compressed class ptrs, g1 gc, windows-amd64)
# No core dump will be written. Minidumps are not enabled by default on client versions of Windows
#

---------------  S U M M A R Y ------------

Command Line: -ea -Dfile.encoding=UTF-8 -XX:+ShowCodeDetailsInExceptionMessages org.testng.remote.RemoteTestNG -serport 62639 -protocol json -d E:\KalyaniG\AEWorkspace\AEQATestAutomationFramework\test-output C:\Users\KALYAN~1.GOM\AppData\Local\Temp\testng-eclipse--1324231786\testng-customsuite.xml

Host: Intel(R) Xeon(R) Silver 4214R CPU @ 2.40GHz, 2 cores, 15G,  Windows 10 , 64 bit Build 19041 (10.0.19041.2788)
Time: Mon Apr 24 01:16:14 2023 India Standard Time elapsed time: 0.188135 seconds (0d 0h 0m 0s)

---------------  T H R E A D  ---------------

Current thread (0x000001b24de8e090):  JavaThread "Unknown thread" [_thread_in_vm, id=69484, stack(0x000000623ac00000,0x000000623ad00000)]

Stack: [0x000000623ac00000,0x000000623ad00000]
Native frames: (J=compiled Java code, j=interpreted, Vv=VM code, C=native code)
V  [jvm.dll+0x67741a]
V  [jvm.dll+0x834434]
V  [jvm.dll+0x835bde]
V  [jvm.dll+0x836243]
V  [jvm.dll+0x2457b5]
V  [jvm.dll+0x674329]
V  [jvm.dll+0x6689da]
V  [jvm.dll+0x30489b]
V  [jvm.dll+0x30bd96]
V  [jvm.dll+0x35b57e]
V  [jvm.dll+0x35b7af]
V  [jvm.dll+0x2db778]
V  [jvm.dll+0x2dc6e4]
V  [jvm.dll+0x806131]
V  [jvm.dll+0x369331]
V  [jvm.dll+0x7e56ac]
V  [jvm.dll+0x3eb35f]
V  [jvm.dll+0x3ecea1]
C  [jli.dll+0x5267]
C  [ucrtbase.dll+0x21bb2]
C  [KERNEL32.dll+0x17604]
C  [ntdll.dll+0x526a1]


---------------  P R O C E S S  ---------------

Threads class SMR info:
_java_thread_list=0x00007ff991c45fd8, length=0, elements={
}

Java Threads: ( => current thread )

Other Threads:
  0x000001b24defc8a0 GCTaskThread "GC Thread#0" [stack: 0x000000623ad00000,0x000000623ae00000] [id=71444]
  0x000001b24df0de90 ConcurrentGCThread "G1 Main Marker" [stack: 0x000000623ae00000,0x000000623af00000] [id=53708]
  0x000001b24df0e7b0 ConcurrentGCThread "G1 Conc#0" [stack: 0x000000623af00000,0x000000623b000000] [id=70172]

[error occurred during error reporting (printing all threads), id 0xc0000005, EXCEPTION_ACCESS_VIOLATION (0xc0000005) at pc=0x00007ff99141c1e7]

VM state: not at safepoint (not fully initialized)

VM Mutex/Monitor currently owned by a thread:  ([mutex/lock_event])
[0x000001b24de89590] Heap_lock - owner thread: 0x000001b24de8e090

Heap address: 0x0000000700000000, size: 4096 MB, Compressed Oops mode: Zero based, Oop shift amount: 3

CDS archive(s) mapped at: [0x0000000000000000-0x0000000000000000-0x0000000000000000), size 0, SharedBaseAddress: 0x0000000800000000, ArchiveRelocationMode: 0.
Narrow klass base: 0x0000000000000000, Narrow klass shift: 0, Narrow klass range: 0x0

GC Precious Log:
<Empty>

Heap:
 garbage-first heap   total 0K, used 0K [0x0000000700000000, 0x0000000800000000)
  region size 2048K, 0 young (0K), 0 survivors (0K)

[error occurred during error reporting (printing heap information), id 0xc0000005, EXCEPTION_ACCESS_VIOLATION (0xc0000005) at pc=0x00007ff9918006f9]

GC Heap History (0 events):
No events

Dll operation events (1 events):
Event: 0.016 Loaded shared library E:\KalyaniG\TechTools\Eclipse\eclipse-java-2022-12-R-win32-x86_64\eclipse\plugins\org.eclipse.justj.openjdk.hotspot.jre.full.win32.x86_64_17.0.6.v20230204-1729\jre\bin\java.dll

Deoptimization events (0 events):
No events

Classes unloaded (0 events):
No events

Classes redefined (0 events):
No events

Internal exceptions (0 events):
No events

VM Operations (0 events):
No events

Events (0 events):
No events


Dynamic libraries:
0x00007ff6e4610000 - 0x00007ff6e461e000 	E:\KalyaniG\TechTools\Eclipse\eclipse-java-2022-12-R-win32-x86_64\eclipse\plugins\org.eclipse.justj.openjdk.hotspot.jre.full.win32.x86_64_17.0.6.v20230204-1729\jre\bin\javaw.exe
0x00007ff9cf7b0000 - 0x00007ff9cf9a8000 	C:\Windows\SYSTEM32\ntdll.dll
0x00007ff9ce790000 - 0x00007ff9ce84f000 	C:\Windows\System32\KERNEL32.dll
0x00007ff9ccd10000 - 0x00007ff9cce11000 	C:\Windows\system32\hmpalert.dll
0x00007ff9cd1c0000 - 0x00007ff9cd49a000 	C:\Windows\System32\KERNELBASE.dll
0x00007ff9cd040000 - 0x00007ff9cd140000 	C:\Windows\System32\ucrtbase.dll
0x00007ff9bfb50000 - 0x00007ff9bfb67000 	E:\KalyaniG\TechTools\Eclipse\eclipse-java-2022-12-R-win32-x86_64\eclipse\plugins\org.eclipse.justj.openjdk.hotspot.jre.full.win32.x86_64_17.0.6.v20230204-1729\jre\bin\jli.dll
0x00007ff9bf550000 - 0x00007ff9bf569000 	E:\KalyaniG\TechTools\Eclipse\eclipse-java-2022-12-R-win32-x86_64\eclipse\plugins\org.eclipse.justj.openjdk.hotspot.jre.full.win32.x86_64_17.0.6.v20230204-1729\jre\bin\VCRUNTIME140.dll
0x00007ff9cf530000 - 0x00007ff9cf6cd000 	C:\Windows\System32\USER32.dll
0x00007ff9cd140000 - 0x00007ff9cd162000 	C:\Windows\System32\win32u.dll
0x00007ff9ce1e0000 - 0x00007ff9ce20b000 	C:\Windows\System32\GDI32.dll
0x00007ff9ccf30000 - 0x00007ff9cd040000 	C:\Windows\System32\gdi32full.dll
0x00007ff9cd6e0000 - 0x00007ff9cd77d000 	C:\Windows\System32\msvcp_win.dll
0x00007ff9c00e0000 - 0x00007ff9c037a000 	C:\Windows\WinSxS\amd64_microsoft.windows.common-controls_6595b64144ccf1df_6.0.19041.1110_none_60b5254171f9507e\COMCTL32.dll
0x00007ff9ce020000 - 0x00007ff9ce0be000 	C:\Windows\System32\msvcrt.dll
0x00007ff9ce760000 - 0x00007ff9ce790000 	C:\Windows\System32\IMM32.DLL
0x00007ff9c89e0000 - 0x00007ff9c89ec000 	E:\KalyaniG\TechTools\Eclipse\eclipse-java-2022-12-R-win32-x86_64\eclipse\plugins\org.eclipse.justj.openjdk.hotspot.jre.full.win32.x86_64_17.0.6.v20230204-1729\jre\bin\vcruntime140_1.dll
0x00007ff9bc280000 - 0x00007ff9bc311000 	E:\KalyaniG\TechTools\Eclipse\eclipse-java-2022-12-R-win32-x86_64\eclipse\plugins\org.eclipse.justj.openjdk.hotspot.jre.full.win32.x86_64_17.0.6.v20230204-1729\jre\bin\msvcp140.dll
0x00007ff991130000 - 0x00007ff991d77000 	E:\KalyaniG\TechTools\Eclipse\eclipse-java-2022-12-R-win32-x86_64\eclipse\plugins\org.eclipse.justj.openjdk.hotspot.jre.full.win32.x86_64_17.0.6.v20230204-1729\jre\bin\server\jvm.dll
0x00007ff9cf300000 - 0x00007ff9cf3ae000 	C:\Windows\System32\ADVAPI32.dll
0x00007ff9ce140000 - 0x00007ff9ce1dc000 	C:\Windows\System32\sechost.dll
0x00007ff9cd810000 - 0x00007ff9cd936000 	C:\Windows\System32\RPCRT4.dll
0x00007ff9bf080000 - 0x00007ff9bf0a7000 	C:\Windows\SYSTEM32\WINMM.dll
0x00007ff9c1320000 - 0x00007ff9c1329000 	C:\Windows\SYSTEM32\WSOCK32.dll
0x00007ff9cf3b0000 - 0x00007ff9cf41b000 	C:\Windows\System32\WS2_32.dll
0x00007ff9c8290000 - 0x00007ff9c829a000 	C:\Windows\SYSTEM32\VERSION.dll
0x00007ff9cac10000 - 0x00007ff9cac22000 	C:\Windows\SYSTEM32\kernel.appcore.dll
0x00007ff9bb2c0000 - 0x00007ff9bb2ca000 	E:\KalyaniG\TechTools\Eclipse\eclipse-java-2022-12-R-win32-x86_64\eclipse\plugins\org.eclipse.justj.openjdk.hotspot.jre.full.win32.x86_64_17.0.6.v20230204-1729\jre\bin\jimage.dll
0x00007ff9be240000 - 0x00007ff9be424000 	C:\Windows\SYSTEM32\DBGHELP.DLL
0x00007ff9c1c10000 - 0x00007ff9c1c44000 	C:\Windows\SYSTEM32\dbgcore.DLL
0x00007ff9cd780000 - 0x00007ff9cd802000 	C:\Windows\System32\bcryptPrimitives.dll
0x00007ff9b9e80000 - 0x00007ff9b9ea5000 	E:\KalyaniG\TechTools\Eclipse\eclipse-java-2022-12-R-win32-x86_64\eclipse\plugins\org.eclipse.justj.openjdk.hotspot.jre.full.win32.x86_64_17.0.6.v20230204-1729\jre\bin\java.dll

dbghelp: loaded successfully - version: 4.0.5 - missing functions: none
symbol engine: initialized successfully - sym options: 0x614 - pdb path: .;E:\KalyaniG\TechTools\Eclipse\eclipse-java-2022-12-R-win32-x86_64\eclipse\plugins\org.eclipse.justj.openjdk.hotspot.jre.full.win32.x86_64_17.0.6.v20230204-1729\jre\bin;C:\Windows\SYSTEM32;C:\Windows\WinSxS\amd64_microsoft.windows.common-controls_6595b64144ccf1df_6.0.19041.1110_none_60b5254171f9507e;E:\KalyaniG\TechTools\Eclipse\eclipse-java-2022-12-R-win32-x86_64\eclipse\plugins\org.eclipse.justj.openjdk.hotspot.jre.full.win32.x86_64_17.0.6.v20230204-1729\jre\bin\server

VM Arguments:
jvm_args: -ea -Dfile.encoding=UTF-8 -XX:+ShowCodeDetailsInExceptionMessages 
java_command: org.testng.remote.RemoteTestNG -serport 62639 -protocol json -d E:\KalyaniG\AEWorkspace\AEQATestAutomationFramework\test-output C:\Users\KALYAN~1.GOM\AppData\Local\Temp\testng-eclipse--1324231786\testng-customsuite.xml
java_class_path (initial): E:\KalyaniG\TechTools\Eclipse\eclipse-java-2022-12-R-win32-x86_64\eclipse\configuration\org.eclipse.osgi\446\0\.cp\lib\testng-remote.jar;E:\KalyaniG\AEWorkspace\AEQATestAutomationFramework\target\test-classes;E:\KalyaniG\AEWorkspace\AEQATestAutomationFramework\target\classes;C:\Users\kalyani.gomkale\.m2\repository\org\seleniumhq\selenium\selenium-java\3.141.59\selenium-java-3.141.59.jar;C:\Users\kalyani.gomkale\.m2\repository\org\seleniumhq\selenium\selenium-api\3.141.59\selenium-api-3.141.59.jar;C:\Users\kalyani.gomkale\.m2\repository\org\seleniumhq\selenium\selenium-chrome-driver\3.141.59\selenium-chrome-driver-3.141.59.jar;C:\Users\kalyani.gomkale\.m2\repository\org\seleniumhq\selenium\selenium-edge-driver\3.141.59\selenium-edge-driver-3.141.59.jar;C:\Users\kalyani.gomkale\.m2\repository\org\seleniumhq\selenium\selenium-firefox-driver\3.141.59\selenium-firefox-driver-3.141.59.jar;C:\Users\kalyani.gomkale\.m2\repository\org\seleniumhq\selenium\selenium-ie-driver\3.141.59\selenium-ie-driver-3.141.59.jar;C:\Users\kalyani.gomkale\.m2\repository\org\seleniumhq\selenium\selenium-opera-driver\3.141.59\selenium-opera-driver-3.141.59.jar;C:\Users\kalyani.gomkale\.m2\repository\org\seleniumhq\selenium\selenium-remote-driver\3.141.59\selenium-remote-driver-3.141.59.jar;C:\Users\kalyani.gomkale\.m2\repository\org\seleniumhq\selenium\selenium-safari-driver\3.141.59\selenium-safari-driver-3.141.59.jar;C:\Users\kalyani.gomkale\.m2\repository\org\seleniumhq\selenium\selenium-support\3.141.59\selenium-support-3.141.59.jar;C:\Users\kalyani.gomkale\.m2\repository\net\bytebuddy\byte-buddy\1.8.15\byte-buddy-1.8.15.jar;C:\Users\kalyani.gomkale\.m2\repository\org\apache\commons\commons-exec\1.3\commons-exec-1.3.jar;C:\Users\kalyani.gomkale\.m2\repository\com\google\guava\guava\25.0-jre\guava-25.0-jre.jar;C:\Users\kalyani.gomkale\.m2\repository\org\checkerframework\checker-compat-qual\2.0.0\checker-compat-qual-2.0.0.jar;C:\Users\kalyani.gomkale\.m2\repositor
Launcher Type: SUN_STANDARD

[Global flags]
     intx CICompilerCount                          = 2                                         {product} {ergonomic}
     uint ConcGCThreads                            = 1                                         {product} {ergonomic}
     uint G1ConcRefinementThreads                  = 2                                         {product} {ergonomic}
   size_t G1HeapRegionSize                         = 2097152                                   {product} {ergonomic}
    uintx GCDrainStackTargetSize                   = 64                                        {product} {ergonomic}
   size_t InitialHeapSize                          = 268435456                                 {product} {ergonomic}
   size_t MarkStackSize                            = 4194304                                   {product} {ergonomic}
   size_t MaxHeapSize                              = 4294967296                                {product} {ergonomic}
   size_t MinHeapDeltaBytes                        = 2097152                                   {product} {ergonomic}
   size_t MinHeapSize                              = 8388608                                   {product} {ergonomic}
    uintx NonNMethodCodeHeapSize                   = 5826188                                {pd product} {ergonomic}
    uintx NonProfiledCodeHeapSize                  = 122916026                              {pd product} {ergonomic}
    uintx ProfiledCodeHeapSize                     = 122916026                              {pd product} {ergonomic}
    uintx ReservedCodeCacheSize                    = 251658240                              {pd product} {ergonomic}
     bool SegmentedCodeCache                       = true                                      {product} {ergonomic}
     bool ShowCodeDetailsInExceptionMessages       = true                                   {manageable} {command line}
   size_t SoftMaxHeapSize                          = 4294967296                             {manageable} {ergonomic}
     bool UseCompressedClassPointers               = true                           {product lp64_product} {ergonomic}
     bool UseCompressedOops                        = true                           {product lp64_product} {ergonomic}
     bool UseG1GC                                  = true                                      {product} {ergonomic}
     bool UseLargePagesIndividualAllocation        = false                                  {pd product} {ergonomic}

Logging:
Log output configuration:
 #0: stdout all=warning uptime,level,tags
 #1: stderr all=off uptime,level,tags

Environment Variables:
JAVA_HOME=C:\Program Files\AutomationEdge\tools\OpenJDK11U-jdk_x64_windows_hotspot_11.0.9_11\jdk-11.0.9+11
PATH=E:/KalyaniG/TechTools/Eclipse/eclipse-java-2022-12-R-win32-x86_64/eclipse//plugins/org.eclipse.justj.openjdk.hotspot.jre.full.win32.x86_64_17.0.6.v20230204-1729/jre/bin/server;E:/KalyaniG/TechTools/Eclipse/eclipse-java-2022-12-R-win32-x86_64/eclipse//plugins/org.eclipse.justj.openjdk.hotspot.jre.full.win32.x86_64_17.0.6.v20230204-1729/jre/bin;C:\Program Files\java\jre11.0.9+11\bin;C:\Windows\system32;C:\Windows;C:\Windows\System32\Wbem;C:\Windows\System32\WindowsPowerShell\v1.0\;C:\Windows\System32\OpenSSH\;C:\Program Files\Docker\Docker\resources\bin;C:\Program Files\Git\cmd;E:\KalyaniG\TechTools\Maven\apache-maven-3.9.0-bin\apache-maven-3.9.0\bin;C:\Program Files\AutomationEdge\tools\OpenJDK11U-jdk_x64_windows_hotspot_11.0.9_11\jdk-11.0.9+11\bin;C:\Program Files (x86)\Microsoft SQL Server\160\DTS\Binn\;C:\Program Files\Azure Data Studio\bin;C:\Program Files\Microsoft SQL Server\Client SDK\ODBC\170\Tools\Binn\;C:\Program Files (x86)\Microsoft SQL Server\150\Tools\Binn\;C:\Program Files\Microsoft SQL Server\150\Tools\Binn\;C:\Program Files\Microsoft SQL Server\150\DTS\Binn\;C:\Users\kalyani.gomkale\AppData\Local\Microsoft\WindowsApps;;E:\KalyaniG\TechTools\Eclipse\eclipse-java-2022-12-R-win32-x86_64\eclipse;
USERNAME=kalyani.gomkale
OS=Windows_NT
PROCESSOR_IDENTIFIER=Intel64 Family 6 Model 85 Stepping 7, GenuineIntel
TMP=C:\Users\KALYAN~1.GOM\AppData\Local\Temp
TEMP=C:\Users\KALYAN~1.GOM\AppData\Local\Temp



---------------  S Y S T E M  ---------------

OS:
 Windows 10 , 64 bit Build 19041 (10.0.19041.2788)
OS uptime: 3 days 7:24 hours
VMWare virtualization detected

CPU: total 2 (initial active 2) (1 cores per cpu, 1 threads per core) family 6 model 85 stepping 7 microcode 0x5003102, cx8, cmov, fxsr, mmx, 3dnowpref, sse, sse2, sse3, ssse3, sse4.1, sse4.2, popcnt, lzcnt, tsc, tscinvbit, avx, avx2, aes, erms, clmul, bmi1, bmi2, rtm, adx, avx512f, avx512dq, avx512cd, avx512bw, avx512vl, fma, vzeroupper, clflush, clflushopt, clwb, hv

Memory: 4k page, system-wide physical 16383M (4211M free)
TotalPageFile size 29313M (AvailPageFile size 251M)
current process WorkingSet (physical memory assigned to process): 10M, peak: 10M
current process commit charge ("private bytes"): 49M, peak: 305M

vm_info: OpenJDK 64-Bit Server VM (17.0.6+10) for windows-amd64 JRE (17.0.6+10), built on Jan 18 2023 10:08:59 by "temurin" with MS VC++ 16.7 (VS2019)

END.
